[0.533s] DEBUG:colcon:Command line arguments: ['/usr/bin/colcon', 'build']
[0.534s] DEBUG:colcon:Parsed command line arguments: Namespace(log_base=None, log_level=None, verb_name='build', build_base='build', install_base='install', merge_install=False, symlink_install=False, test_result_base=None, continue_on_error=False, executor='parallel', parallel_workers=4, event_handlers=None, ignore_user_meta=False, metas=['./colcon.meta'], base_paths=['.'], packages_ignore=None, packages_ignore_regex=None, paths=None, packages_up_to=None, packages_up_to_regex=None, packages_above=None, packages_above_and_dependencies=None, packages_above_depth=None, packages_select_by_dep=None, packages_skip_by_dep=None, packages_skip_up_to=None, packages_select_build_failed=False, packages_skip_build_finished=False, packages_select_test_failures=False, packages_skip_test_passed=False, packages_select=None, packages_skip=None, packages_select_regex=None, packages_skip_regex=None, packages_start=None, packages_end=None, allow_overriding=[], cmake_args=None, cmake_target=None, cmake_target_skip_unavailable=False, cmake_clean_cache=False, cmake_clean_first=False, cmake_force_configure=False, ament_cmake_args=None, catkin_cmake_args=None, catkin_skip_building_tests=False, mixin_files=None, mixin=None, verb_parser=<colcon_mixin.mixin.mixin_argument.MixinArgumentDecorator object at 0xffff8cc11cf0>, verb_extension=<colcon_core.verb.build.BuildVerb object at 0xffff8cdde320>, main=<bound method BuildVerb.main of <colcon_core.verb.build.BuildVerb object at 0xffff8cdde320>>, mixin_verb=('build',))
[1.563s] Level 1:colcon.colcon_core.package_discovery:discover_packages(colcon_meta) check parameters
[1.564s] Level 1:colcon.colcon_core.package_discovery:discover_packages(recursive) check parameters
[1.564s] Level 1:colcon.colcon_core.package_discovery:discover_packages(ignore) check parameters
[1.565s] Level 1:colcon.colcon_core.package_discovery:discover_packages(path) check parameters
[1.565s] Level 1:colcon.colcon_core.package_discovery:discover_packages(colcon_meta) discover
[1.565s] Level 1:colcon.colcon_core.package_discovery:discover_packages(recursive) discover
[1.565s] INFO:colcon.colcon_core.package_discovery:Crawling recursively for packages in '/home/ubuntu/pong-soccer/ros2_ws'
[1.566s] Level 1:colcon.colcon_core.package_identification:_identify(.) by extensions ['ignore', 'ignore_ament_install']
[1.566s] Level 1:colcon.colcon_core.package_identification:_identify(.) by extension 'ignore'
[1.567s] Level 1:colcon.colcon_core.package_identification:_identify(.) by extension 'ignore_ament_install'
[1.567s] Level 1:colcon.colcon_core.package_identification:_identify(.) by extensions ['colcon_pkg']
[1.567s] Level 1:colcon.colcon_core.package_identification:_identify(.) by extension 'colcon_pkg'
[1.567s] Level 1:colcon.colcon_core.package_identification:_identify(.) by extensions ['colcon_meta']
[1.568s] Level 1:colcon.colcon_core.package_identification:_identify(.) by extension 'colcon_meta'
[1.568s] Level 1:colcon.colcon_core.package_identification:_identify(.) by extensions ['ros']
[1.568s] Level 1:colcon.colcon_core.package_identification:_identify(.) by extension 'ros'
[1.621s] Level 1:colcon.colcon_core.package_identification:_identify(.) by extensions ['cmake', 'python']
[1.622s] Level 1:colcon.colcon_core.package_identification:_identify(.) by extension 'cmake'
[1.622s] Level 1:colcon.colcon_core.package_identification:_identify(.) by extension 'python'
[1.622s] Level 1:colcon.colcon_core.package_identification:_identify(.) by extensions ['python_setup_py']
[1.622s] Level 1:colcon.colcon_core.package_identification:_identify(.) by extension 'python_setup_py'
[1.623s] Level 1:colcon.colcon_core.package_identification:_identify(build) by extensions ['ignore', 'ignore_ament_install']
[1.623s] Level 1:colcon.colcon_core.package_identification:_identify(build) by extension 'ignore'
[1.624s] Level 1:colcon.colcon_core.package_identification:_identify(build) ignored
[1.624s] Level 1:colcon.colcon_core.package_identification:_identify(install) by extensions ['ignore', 'ignore_ament_install']
[1.625s] Level 1:colcon.colcon_core.package_identification:_identify(install) by extension 'ignore'
[1.625s] Level 1:colcon.colcon_core.package_identification:_identify(install) ignored
[1.626s] Level 1:colcon.colcon_core.package_identification:_identify(log) by extensions ['ignore', 'ignore_ament_install']
[1.626s] Level 1:colcon.colcon_core.package_identification:_identify(log) by extension 'ignore'
[1.626s] Level 1:colcon.colcon_core.package_identification:_identify(log) ignored
[1.627s] Level 1:colcon.colcon_core.package_identification:_identify(src) by extensions ['ignore', 'ignore_ament_install']
[1.627s] Level 1:colcon.colcon_core.package_identification:_identify(src) by extension 'ignore'
[1.628s] Level 1:colcon.colcon_core.package_identification:_identify(src) by extension 'ignore_ament_install'
[1.628s] Level 1:colcon.colcon_core.package_identification:_identify(src) by extensions ['colcon_pkg']
[1.628s] Level 1:colcon.colcon_core.package_identification:_identify(src) by extension 'colcon_pkg'
[1.628s] Level 1:colcon.colcon_core.package_identification:_identify(src) by extensions ['colcon_meta']
[1.629s] Level 1:colcon.colcon_core.package_identification:_identify(src) by extension 'colcon_meta'
[1.629s] Level 1:colcon.colcon_core.package_identification:_identify(src) by extensions ['ros']
[1.629s] Level 1:colcon.colcon_core.package_identification:_identify(src) by extension 'ros'
[1.629s] Level 1:colcon.colcon_core.package_identification:_identify(src) by extensions ['cmake', 'python']
[1.629s] Level 1:colcon.colcon_core.package_identification:_identify(src) by extension 'cmake'
[1.630s] Level 1:colcon.colcon_core.package_identification:_identify(src) by extension 'python'
[1.630s] Level 1:colcon.colcon_core.package_identification:_identify(src) by extensions ['python_setup_py']
[1.630s] Level 1:colcon.colcon_core.package_identification:_identify(src) by extension 'python_setup_py'
[1.631s] Level 1:colcon.colcon_core.package_identification:_identify(src/pong_soccer_pkg) by extensions ['ignore', 'ignore_ament_install']
[1.631s] Level 1:colcon.colcon_core.package_identification:_identify(src/pong_soccer_pkg) by extension 'ignore'
[1.632s] Level 1:colcon.colcon_core.package_identification:_identify(src/pong_soccer_pkg) by extension 'ignore_ament_install'
[1.632s] Level 1:colcon.colcon_core.package_identification:_identify(src/pong_soccer_pkg) by extensions ['colcon_pkg']
[1.632s] Level 1:colcon.colcon_core.package_identification:_identify(src/pong_soccer_pkg) by extension 'colcon_pkg'
[1.632s] Level 1:colcon.colcon_core.package_identification:_identify(src/pong_soccer_pkg) by extensions ['colcon_meta']
[1.633s] Level 1:colcon.colcon_core.package_identification:_identify(src/pong_soccer_pkg) by extension 'colcon_meta'
[1.633s] Level 1:colcon.colcon_core.package_identification:_identify(src/pong_soccer_pkg) by extensions ['ros']
[1.633s] Level 1:colcon.colcon_core.package_identification:_identify(src/pong_soccer_pkg) by extension 'ros'
[1.643s] DEBUG:colcon.colcon_core.package_identification:Package 'src/pong_soccer_pkg' with type 'ros.ament_python' and name 'pong_soccer_pkg'
[1.643s] Level 1:colcon.colcon_core.package_identification:_identify(src/robot_control_architecture_pkg) by extensions ['ignore', 'ignore_ament_install']
[1.644s] Level 1:colcon.colcon_core.package_identification:_identify(src/robot_control_architecture_pkg) by extension 'ignore'
[1.645s] Level 1:colcon.colcon_core.package_identification:_identify(src/robot_control_architecture_pkg) by extension 'ignore_ament_install'
[1.645s] Level 1:colcon.colcon_core.package_identification:_identify(src/robot_control_architecture_pkg) by extensions ['colcon_pkg']
[1.646s] Level 1:colcon.colcon_core.package_identification:_identify(src/robot_control_architecture_pkg) by extension 'colcon_pkg'
[1.646s] Level 1:colcon.colcon_core.package_identification:_identify(src/robot_control_architecture_pkg) by extensions ['colcon_meta']
[1.646s] Level 1:colcon.colcon_core.package_identification:_identify(src/robot_control_architecture_pkg) by extension 'colcon_meta'
[1.646s] Level 1:colcon.colcon_core.package_identification:_identify(src/robot_control_architecture_pkg) by extensions ['ros']
[1.647s] Level 1:colcon.colcon_core.package_identification:_identify(src/robot_control_architecture_pkg) by extension 'ros'
[1.690s] DEBUG:colcon.colcon_core.package_identification:Package 'src/robot_control_architecture_pkg' with type 'ros.ament_python' and name 'robot_control_architecture_pkg'
[1.691s] Level 1:colcon.colcon_core.package_discovery:discover_packages(recursive) using defaults
[1.691s] Level 1:colcon.colcon_core.package_discovery:discover_packages(ignore) discover
[1.691s] Level 1:colcon.colcon_core.package_discovery:discover_packages(ignore) using defaults
[1.691s] Level 1:colcon.colcon_core.package_discovery:discover_packages(path) discover
[1.691s] Level 1:colcon.colcon_core.package_discovery:discover_packages(path) using defaults
[1.778s] Level 1:colcon.colcon_core.package_discovery:discover_packages(prefix_path) check parameters
[1.778s] Level 1:colcon.colcon_core.package_discovery:discover_packages(prefix_path) discover
[1.791s] DEBUG:colcon.colcon_installed_package_information.package_discovery:Found 6 installed packages in /home/ubuntu/pong-soccer/ros2_ws/install
[1.802s] DEBUG:colcon.colcon_installed_package_information.package_discovery:Found 332 installed packages in /opt/ros/humble
[1.810s] Level 1:colcon.colcon_core.package_discovery:discover_packages(prefix_path) using defaults
[2.018s] Level 5:colcon.colcon_core.verb:set package 'pong_soccer_pkg' build argument 'cmake_args' from command line to 'None'
[2.018s] Level 5:colcon.colcon_core.verb:set package 'pong_soccer_pkg' build argument 'cmake_target' from command line to 'None'
[2.019s] Level 5:colcon.colcon_core.verb:set package 'pong_soccer_pkg' build argument 'cmake_target_skip_unavailable' from command line to 'False'
[2.019s] Level 5:colcon.colcon_core.verb:set package 'pong_soccer_pkg' build argument 'cmake_clean_cache' from command line to 'False'
[2.019s] Level 5:colcon.colcon_core.verb:set package 'pong_soccer_pkg' build argument 'cmake_clean_first' from command line to 'False'
[2.019s] Level 5:colcon.colcon_core.verb:set package 'pong_soccer_pkg' build argument 'cmake_force_configure' from command line to 'False'
[2.019s] Level 5:colcon.colcon_core.verb:set package 'pong_soccer_pkg' build argument 'ament_cmake_args' from command line to 'None'
[2.019s] Level 5:colcon.colcon_core.verb:set package 'pong_soccer_pkg' build argument 'catkin_cmake_args' from command line to 'None'
[2.019s] Level 5:colcon.colcon_core.verb:set package 'pong_soccer_pkg' build argument 'catkin_skip_building_tests' from command line to 'False'
[2.019s] DEBUG:colcon.colcon_core.verb:Building package 'pong_soccer_pkg' with the following arguments: {'ament_cmake_args': None, 'build_base': '/home/ubuntu/pong-soccer/ros2_ws/build/pong_soccer_pkg', 'catkin_cmake_args': None, 'catkin_skip_building_tests': False, 'cmake_args': None, 'cmake_clean_cache': False, 'cmake_clean_first': False, 'cmake_force_configure': False, 'cmake_target': None, 'cmake_target_skip_unavailable': False, 'install_base': '/home/ubuntu/pong-soccer/ros2_ws/install/pong_soccer_pkg', 'merge_install': False, 'path': '/home/ubuntu/pong-soccer/ros2_ws/src/pong_soccer_pkg', 'symlink_install': False, 'test_result_base': None}
[2.021s] Level 5:colcon.colcon_core.verb:set package 'robot_control_architecture_pkg' build argument 'cmake_args' from command line to 'None'
[2.021s] Level 5:colcon.colcon_core.verb:set package 'robot_control_architecture_pkg' build argument 'cmake_target' from command line to 'None'
[2.022s] Level 5:colcon.colcon_core.verb:set package 'robot_control_architecture_pkg' build argument 'cmake_target_skip_unavailable' from command line to 'False'
[2.022s] Level 5:colcon.colcon_core.verb:set package 'robot_control_architecture_pkg' build argument 'cmake_clean_cache' from command line to 'False'
[2.022s] Level 5:colcon.colcon_core.verb:set package 'robot_control_architecture_pkg' build argument 'cmake_clean_first' from command line to 'False'
[2.022s] Level 5:colcon.colcon_core.verb:set package 'robot_control_architecture_pkg' build argument 'cmake_force_configure' from command line to 'False'
[2.022s] Level 5:colcon.colcon_core.verb:set package 'robot_control_architecture_pkg' build argument 'ament_cmake_args' from command line to 'None'
[2.022s] Level 5:colcon.colcon_core.verb:set package 'robot_control_architecture_pkg' build argument 'catkin_cmake_args' from command line to 'None'
[2.022s] Level 5:colcon.colcon_core.verb:set package 'robot_control_architecture_pkg' build argument 'catkin_skip_building_tests' from command line to 'False'
[2.022s] DEBUG:colcon.colcon_core.verb:Building package 'robot_control_architecture_pkg' with the following arguments: {'ament_cmake_args': None, 'build_base': '/home/ubuntu/pong-soccer/ros2_ws/build/robot_control_architecture_pkg', 'catkin_cmake_args': None, 'catkin_skip_building_tests': False, 'cmake_args': None, 'cmake_clean_cache': False, 'cmake_clean_first': False, 'cmake_force_configure': False, 'cmake_target': None, 'cmake_target_skip_unavailable': False, 'install_base': '/home/ubuntu/pong-soccer/ros2_ws/install/robot_control_architecture_pkg', 'merge_install': False, 'path': '/home/ubuntu/pong-soccer/ros2_ws/src/robot_control_architecture_pkg', 'symlink_install': False, 'test_result_base': None}
[2.023s] INFO:colcon.colcon_core.executor:Executing jobs using 'parallel' executor
[2.027s] DEBUG:colcon.colcon_parallel_executor.executor.parallel:run_until_complete
[2.028s] INFO:colcon.colcon_ros.task.ament_python.build:Building ROS package in '/home/ubuntu/pong-soccer/ros2_ws/src/pong_soccer_pkg' with build type 'ament_python'
[2.029s] Level 1:colcon.colcon_core.shell:create_environment_hook('pong_soccer_pkg', 'ament_prefix_path')
[2.041s] INFO:colcon.colcon_core.plugin_system:Skipping extension 'colcon_core.shell.bat': Not used on non-Windows systems
[2.042s] INFO:colcon.colcon_core.shell:Creating environment hook '/home/ubuntu/pong-soccer/ros2_ws/install/pong_soccer_pkg/share/pong_soccer_pkg/hook/ament_prefix_path.ps1'
[2.046s] INFO:colcon.colcon_core.shell:Creating environment descriptor '/home/ubuntu/pong-soccer/ros2_ws/install/pong_soccer_pkg/share/pong_soccer_pkg/hook/ament_prefix_path.dsv'
[2.049s] INFO:colcon.colcon_core.shell:Creating environment hook '/home/ubuntu/pong-soccer/ros2_ws/install/pong_soccer_pkg/share/pong_soccer_pkg/hook/ament_prefix_path.sh'
[2.053s] INFO:colcon.colcon_core.shell:Skip shell extension 'powershell' for command environment: Not usable outside of PowerShell
[2.053s] DEBUG:colcon.colcon_core.shell:Skip shell extension 'dsv' for command environment
[2.076s] INFO:colcon.colcon_ros.task.ament_python.build:Building ROS package in '/home/ubuntu/pong-soccer/ros2_ws/src/robot_control_architecture_pkg' with build type 'ament_python'
[2.077s] Level 1:colcon.colcon_core.shell:create_environment_hook('robot_control_architecture_pkg', 'ament_prefix_path')
[2.079s] INFO:colcon.colcon_core.shell:Creating environment hook '/home/ubuntu/pong-soccer/ros2_ws/install/robot_control_architecture_pkg/share/robot_control_architecture_pkg/hook/ament_prefix_path.ps1'
[2.081s] INFO:colcon.colcon_core.shell:Creating environment descriptor '/home/ubuntu/pong-soccer/ros2_ws/install/robot_control_architecture_pkg/share/robot_control_architecture_pkg/hook/ament_prefix_path.dsv'
[2.086s] INFO:colcon.colcon_core.shell:Creating environment hook '/home/ubuntu/pong-soccer/ros2_ws/install/robot_control_architecture_pkg/share/robot_control_architecture_pkg/hook/ament_prefix_path.sh'
[2.089s] INFO:colcon.colcon_core.shell:Skip shell extension 'powershell' for command environment: Not usable outside of PowerShell
[2.090s] DEBUG:colcon.colcon_core.shell:Skip shell extension 'dsv' for command environment
[3.674s] INFO:colcon.colcon_core.task.python.build:Building Python package in '/home/ubuntu/pong-soccer/ros2_ws/src/pong_soccer_pkg'
[3.676s] INFO:colcon.colcon_core.shell:Skip shell extension 'powershell' for command environment: Not usable outside of PowerShell
[3.676s] DEBUG:colcon.colcon_core.shell:Skip shell extension 'dsv' for command environment
[5.532s] INFO:colcon.colcon_core.task.python.build:Building Python package in '/home/ubuntu/pong-soccer/ros2_ws/src/robot_control_architecture_pkg'
[5.533s] INFO:colcon.colcon_core.shell:Skip shell extension 'powershell' for command environment: Not usable outside of PowerShell
[5.533s] DEBUG:colcon.colcon_core.shell:Skip shell extension 'dsv' for command environment
[7.960s] DEBUG:colcon.colcon_core.event_handler.log_command:Invoking command in '/home/ubuntu/pong-soccer/ros2_ws/src/pong_soccer_pkg': PYTHONPATH=/home/ubuntu/pong-soccer/ros2_ws/build/pong_soccer_pkg/prefix_override:/usr/lib/python3/dist-packages/colcon_core/task/python/colcon_distutils_commands:/home/ubuntu/pong-soccer/ros2_ws/install/pong_soccer_pkg/lib/python3.10/site-packages:${PYTHONPATH} /usr/bin/python3 -W ignore:setup.py install is deprecated setup.py egg_info --egg-base ../../build/pong_soccer_pkg build --build-base /home/ubuntu/pong-soccer/ros2_ws/build/pong_soccer_pkg/build install --record /home/ubuntu/pong-soccer/ros2_ws/build/pong_soccer_pkg/install.log --single-version-externally-managed install_data
[8.000s] DEBUG:colcon.colcon_core.event_handler.log_command:Invoking command in '/home/ubuntu/pong-soccer/ros2_ws/src/robot_control_architecture_pkg': PYTHONPATH=/home/ubuntu/pong-soccer/ros2_ws/build/robot_control_architecture_pkg/prefix_override:/usr/lib/python3/dist-packages/colcon_core/task/python/colcon_distutils_commands:/home/ubuntu/pong-soccer/ros2_ws/install/robot_control_architecture_pkg/lib/python3.10/site-packages:${PYTHONPATH} /usr/bin/python3 -W ignore:setup.py install is deprecated setup.py egg_info --egg-base ../../build/robot_control_architecture_pkg build --build-base /home/ubuntu/pong-soccer/ros2_ws/build/robot_control_architecture_pkg/build install --record /home/ubuntu/pong-soccer/ros2_ws/build/robot_control_architecture_pkg/install.log --single-version-externally-managed install_data
[10.042s] DEBUG:colcon.colcon_core.event_handler.log_command:Invoked command in '/home/ubuntu/pong-soccer/ros2_ws/src/robot_control_architecture_pkg' returned '0': PYTHONPATH=/home/ubuntu/pong-soccer/ros2_ws/build/robot_control_architecture_pkg/prefix_override:/usr/lib/python3/dist-packages/colcon_core/task/python/colcon_distutils_commands:/home/ubuntu/pong-soccer/ros2_ws/install/robot_control_architecture_pkg/lib/python3.10/site-packages:${PYTHONPATH} /usr/bin/python3 -W ignore:setup.py install is deprecated setup.py egg_info --egg-base ../../build/robot_control_architecture_pkg build --build-base /home/ubuntu/pong-soccer/ros2_ws/build/robot_control_architecture_pkg/build install --record /home/ubuntu/pong-soccer/ros2_ws/build/robot_control_architecture_pkg/install.log --single-version-externally-managed install_data
[10.067s] Level 1:colcon.colcon_core.environment:checking '/home/ubuntu/pong-soccer/ros2_ws/install/robot_control_architecture_pkg' for CMake module files
[10.070s] Level 1:colcon.colcon_core.environment:checking '/home/ubuntu/pong-soccer/ros2_ws/install/robot_control_architecture_pkg' for CMake config files
[10.074s] Level 1:colcon.colcon_core.environment:checking '/home/ubuntu/pong-soccer/ros2_ws/install/robot_control_architecture_pkg/lib'
[10.076s] Level 1:colcon.colcon_core.environment:checking '/home/ubuntu/pong-soccer/ros2_ws/install/robot_control_architecture_pkg/bin'
[10.076s] Level 1:colcon.colcon_core.environment:checking '/home/ubuntu/pong-soccer/ros2_ws/install/robot_control_architecture_pkg/lib/pkgconfig/robot_control_architecture_pkg.pc'
[10.078s] Level 1:colcon.colcon_core.environment:checking '/home/ubuntu/pong-soccer/ros2_ws/install/robot_control_architecture_pkg/lib/python3.10/site-packages'
[10.078s] Level 1:colcon.colcon_core.shell:create_environment_hook('robot_control_architecture_pkg', 'pythonpath')
[10.079s] INFO:colcon.colcon_core.shell:Creating environment hook '/home/ubuntu/pong-soccer/ros2_ws/install/robot_control_architecture_pkg/share/robot_control_architecture_pkg/hook/pythonpath.ps1'
[10.081s] INFO:colcon.colcon_core.shell:Creating environment descriptor '/home/ubuntu/pong-soccer/ros2_ws/install/robot_control_architecture_pkg/share/robot_control_architecture_pkg/hook/pythonpath.dsv'
[10.083s] INFO:colcon.colcon_core.shell:Creating environment hook '/home/ubuntu/pong-soccer/ros2_ws/install/robot_control_architecture_pkg/share/robot_control_architecture_pkg/hook/pythonpath.sh'
[10.087s] Level 1:colcon.colcon_core.environment:checking '/home/ubuntu/pong-soccer/ros2_ws/install/robot_control_architecture_pkg/bin'
[10.088s] Level 1:colcon.colcon_core.environment:create_environment_scripts_only(robot_control_architecture_pkg)
[10.089s] INFO:colcon.colcon_core.shell:Creating package script '/home/ubuntu/pong-soccer/ros2_ws/install/robot_control_architecture_pkg/share/robot_control_architecture_pkg/package.ps1'
[10.094s] INFO:colcon.colcon_core.shell:Creating package descriptor '/home/ubuntu/pong-soccer/ros2_ws/install/robot_control_architecture_pkg/share/robot_control_architecture_pkg/package.dsv'
[10.098s] INFO:colcon.colcon_core.shell:Creating package script '/home/ubuntu/pong-soccer/ros2_ws/install/robot_control_architecture_pkg/share/robot_control_architecture_pkg/package.sh'
[10.101s] INFO:colcon.colcon_core.shell:Creating package script '/home/ubuntu/pong-soccer/ros2_ws/install/robot_control_architecture_pkg/share/robot_control_architecture_pkg/package.bash'
[10.105s] INFO:colcon.colcon_core.shell:Creating package script '/home/ubuntu/pong-soccer/ros2_ws/install/robot_control_architecture_pkg/share/robot_control_architecture_pkg/package.zsh'
[10.109s] Level 1:colcon.colcon_core.environment:create_file_with_runtime_dependencies(/home/ubuntu/pong-soccer/ros2_ws/install/robot_control_architecture_pkg/share/colcon-core/packages/robot_control_architecture_pkg)
[10.115s] Level 1:colcon.colcon_core.environment:checking '/home/ubuntu/pong-soccer/ros2_ws/install/pong_soccer_pkg' for CMake module files
[10.118s] DEBUG:colcon.colcon_core.event_handler.log_command:Invoked command in '/home/ubuntu/pong-soccer/ros2_ws/src/pong_soccer_pkg' returned '0': PYTHONPATH=/home/ubuntu/pong-soccer/ros2_ws/build/pong_soccer_pkg/prefix_override:/usr/lib/python3/dist-packages/colcon_core/task/python/colcon_distutils_commands:/home/ubuntu/pong-soccer/ros2_ws/install/pong_soccer_pkg/lib/python3.10/site-packages:${PYTHONPATH} /usr/bin/python3 -W ignore:setup.py install is deprecated setup.py egg_info --egg-base ../../build/pong_soccer_pkg build --build-base /home/ubuntu/pong-soccer/ros2_ws/build/pong_soccer_pkg/build install --record /home/ubuntu/pong-soccer/ros2_ws/build/pong_soccer_pkg/install.log --single-version-externally-managed install_data
[10.119s] Level 1:colcon.colcon_core.environment:checking '/home/ubuntu/pong-soccer/ros2_ws/install/pong_soccer_pkg' for CMake config files
[10.124s] Level 1:colcon.colcon_core.environment:checking '/home/ubuntu/pong-soccer/ros2_ws/install/pong_soccer_pkg/lib'
[10.125s] Level 1:colcon.colcon_core.environment:checking '/home/ubuntu/pong-soccer/ros2_ws/install/pong_soccer_pkg/bin'
[10.126s] Level 1:colcon.colcon_core.environment:checking '/home/ubuntu/pong-soccer/ros2_ws/install/pong_soccer_pkg/lib/pkgconfig/pong_soccer_pkg.pc'
[10.127s] Level 1:colcon.colcon_core.environment:checking '/home/ubuntu/pong-soccer/ros2_ws/install/pong_soccer_pkg/lib/python3.10/site-packages'
[10.128s] Level 1:colcon.colcon_core.shell:create_environment_hook('pong_soccer_pkg', 'pythonpath')
[10.129s] INFO:colcon.colcon_core.shell:Creating environment hook '/home/ubuntu/pong-soccer/ros2_ws/install/pong_soccer_pkg/share/pong_soccer_pkg/hook/pythonpath.ps1'
[10.131s] INFO:colcon.colcon_core.shell:Creating environment descriptor '/home/ubuntu/pong-soccer/ros2_ws/install/pong_soccer_pkg/share/pong_soccer_pkg/hook/pythonpath.dsv'
[10.133s] INFO:colcon.colcon_core.shell:Creating environment hook '/home/ubuntu/pong-soccer/ros2_ws/install/pong_soccer_pkg/share/pong_soccer_pkg/hook/pythonpath.sh'
[10.137s] Level 1:colcon.colcon_core.environment:checking '/home/ubuntu/pong-soccer/ros2_ws/install/pong_soccer_pkg/bin'
[10.137s] Level 1:colcon.colcon_core.environment:create_environment_scripts_only(pong_soccer_pkg)
[10.139s] INFO:colcon.colcon_core.shell:Creating package script '/home/ubuntu/pong-soccer/ros2_ws/install/pong_soccer_pkg/share/pong_soccer_pkg/package.ps1'
[10.142s] INFO:colcon.colcon_core.shell:Creating package descriptor '/home/ubuntu/pong-soccer/ros2_ws/install/pong_soccer_pkg/share/pong_soccer_pkg/package.dsv'
[10.144s] INFO:colcon.colcon_core.shell:Creating package script '/home/ubuntu/pong-soccer/ros2_ws/install/pong_soccer_pkg/share/pong_soccer_pkg/package.sh'
[10.147s] INFO:colcon.colcon_core.shell:Creating package script '/home/ubuntu/pong-soccer/ros2_ws/install/pong_soccer_pkg/share/pong_soccer_pkg/package.bash'
[10.150s] INFO:colcon.colcon_core.shell:Creating package script '/home/ubuntu/pong-soccer/ros2_ws/install/pong_soccer_pkg/share/pong_soccer_pkg/package.zsh'
[10.152s] Level 1:colcon.colcon_core.environment:create_file_with_runtime_dependencies(/home/ubuntu/pong-soccer/ros2_ws/install/pong_soccer_pkg/share/colcon-core/packages/pong_soccer_pkg)
[10.154s] DEBUG:colcon.colcon_parallel_executor.executor.parallel:closing loop
[10.155s] DEBUG:colcon.colcon_parallel_executor.executor.parallel:loop closed
[10.155s] DEBUG:colcon.colcon_parallel_executor.executor.parallel:run_until_complete finished with '0'
[10.156s] DEBUG:colcon.colcon_core.event_reactor:joining thread
[10.183s] INFO:colcon.colcon_core.plugin_system:Skipping extension 'colcon_notification.desktop_notification.notify_send': Could not find 'notify-send'
[10.183s] INFO:colcon.colcon_core.plugin_system:Skipping extension 'colcon_notification.desktop_notification.terminal_notifier': Not used on non-Darwin systems
[10.184s] INFO:colcon.colcon_core.plugin_system:Skipping extension 'colcon_notification.desktop_notification.win32': Not used on non-Windows systems
[10.184s] INFO:colcon.colcon_notification.desktop_notification:Sending desktop notification using 'notify2'
[10.187s] DEBUG:colcon.colcon_notification.desktop_notification.notify2:Failed to initialize notify2: org.freedesktop.DBus.Error.ServiceUnknown: The name org.freedesktop.Notifications was not provided by any .service files
[10.188s] DEBUG:colcon.colcon_core.event_reactor:joined thread
[10.189s] INFO:colcon.colcon_core.shell:Creating prefix script '/home/ubuntu/pong-soccer/ros2_ws/install/local_setup.ps1'
[10.193s] INFO:colcon.colcon_core.shell:Creating prefix util module '/home/ubuntu/pong-soccer/ros2_ws/install/_local_setup_util_ps1.py'
[10.201s] INFO:colcon.colcon_core.shell:Creating prefix chain script '/home/ubuntu/pong-soccer/ros2_ws/install/setup.ps1'
[10.209s] INFO:colcon.colcon_core.shell:Creating prefix script '/home/ubuntu/pong-soccer/ros2_ws/install/local_setup.sh'
[10.212s] INFO:colcon.colcon_core.shell:Creating prefix util module '/home/ubuntu/pong-soccer/ros2_ws/install/_local_setup_util_sh.py'
[10.216s] INFO:colcon.colcon_core.shell:Creating prefix chain script '/home/ubuntu/pong-soccer/ros2_ws/install/setup.sh'
[10.223s] INFO:colcon.colcon_core.shell:Creating prefix script '/home/ubuntu/pong-soccer/ros2_ws/install/local_setup.bash'
[10.226s] INFO:colcon.colcon_core.shell:Creating prefix chain script '/home/ubuntu/pong-soccer/ros2_ws/install/setup.bash'
[10.232s] INFO:colcon.colcon_core.shell:Creating prefix script '/home/ubuntu/pong-soccer/ros2_ws/install/local_setup.zsh'
[10.235s] INFO:colcon.colcon_core.shell:Creating prefix chain script '/home/ubuntu/pong-soccer/ros2_ws/install/setup.zsh'
