[0.784s] DEBUG:colcon:Command line arguments: ['/usr/bin/colcon', 'build']
[0.786s] DEBUG:colcon:Parsed command line arguments: Namespace(log_base=None, log_level=None, verb_name='build', build_base='build', install_base='install', merge_install=False, symlink_install=False, test_result_base=None, continue_on_error=False, executor='parallel', parallel_workers=4, event_handlers=None, ignore_user_meta=False, metas=['./colcon.meta'], base_paths=['.'], packages_ignore=None, packages_ignore_regex=None, paths=None, packages_up_to=None, packages_up_to_regex=None, packages_above=None, packages_above_and_dependencies=None, packages_above_depth=None, packages_select_by_dep=None, packages_skip_by_dep=None, packages_skip_up_to=None, packages_select_build_failed=False, packages_skip_build_finished=False, packages_select_test_failures=False, packages_skip_test_passed=False, packages_select=None, packages_skip=None, packages_select_regex=None, packages_skip_regex=None, packages_start=None, packages_end=None, allow_overriding=[], cmake_args=None, cmake_target=None, cmake_target_skip_unavailable=False, cmake_clean_cache=False, cmake_clean_first=False, cmake_force_configure=False, ament_cmake_args=None, catkin_cmake_args=None, catkin_skip_building_tests=False, mixin_files=None, mixin=None, verb_parser=<colcon_mixin.mixin.mixin_argument.MixinArgumentDecorator object at 0xffff9a2d5120>, verb_extension=<colcon_core.verb.build.BuildVerb object at 0xffff9a49d870>, main=<bound method BuildVerb.main of <colcon_core.verb.build.BuildVerb object at 0xffff9a49d870>>, mixin_verb=('build',))
[2.699s] Level 1:colcon.colcon_core.package_discovery:discover_packages(colcon_meta) check parameters
[2.701s] Level 1:colcon.colcon_core.package_discovery:discover_packages(recursive) check parameters
[2.701s] Level 1:colcon.colcon_core.package_discovery:discover_packages(ignore) check parameters
[2.702s] Level 1:colcon.colcon_core.package_discovery:discover_packages(path) check parameters
[2.702s] Level 1:colcon.colcon_core.package_discovery:discover_packages(colcon_meta) discover
[2.703s] Level 1:colcon.colcon_core.package_discovery:discover_packages(recursive) discover
[2.704s] INFO:colcon.colcon_core.package_discovery:Crawling recursively for packages in '/home/ubuntu/lab-3-robot-control-architecture-ii-tortoise-hare/ros2_ws'
[2.705s] Level 1:colcon.colcon_core.package_identification:_identify(.) by extensions ['ignore', 'ignore_ament_install']
[2.706s] Level 1:colcon.colcon_core.package_identification:_identify(.) by extension 'ignore'
[2.706s] Level 1:colcon.colcon_core.package_identification:_identify(.) by extension 'ignore_ament_install'
[2.707s] Level 1:colcon.colcon_core.package_identification:_identify(.) by extensions ['colcon_pkg']
[2.709s] Level 1:colcon.colcon_core.package_identification:_identify(.) by extension 'colcon_pkg'
[2.711s] Level 1:colcon.colcon_core.package_identification:_identify(.) by extensions ['colcon_meta']
[2.712s] Level 1:colcon.colcon_core.package_identification:_identify(.) by extension 'colcon_meta'
[2.713s] Level 1:colcon.colcon_core.package_identification:_identify(.) by extensions ['ros']
[2.713s] Level 1:colcon.colcon_core.package_identification:_identify(.) by extension 'ros'
[2.815s] Level 1:colcon.colcon_core.package_identification:_identify(.) by extensions ['cmake', 'python']
[2.816s] Level 1:colcon.colcon_core.package_identification:_identify(.) by extension 'cmake'
[2.817s] Level 1:colcon.colcon_core.package_identification:_identify(.) by extension 'python'
[2.818s] Level 1:colcon.colcon_core.package_identification:_identify(.) by extensions ['python_setup_py']
[2.819s] Level 1:colcon.colcon_core.package_identification:_identify(.) by extension 'python_setup_py'
[2.820s] Level 1:colcon.colcon_core.package_identification:_identify(build) by extensions ['ignore', 'ignore_ament_install']
[2.821s] Level 1:colcon.colcon_core.package_identification:_identify(build) by extension 'ignore'
[2.821s] Level 1:colcon.colcon_core.package_identification:_identify(build) ignored
[2.823s] Level 1:colcon.colcon_core.package_identification:_identify(install) by extensions ['ignore', 'ignore_ament_install']
[2.825s] Level 1:colcon.colcon_core.package_identification:_identify(install) by extension 'ignore'
[2.825s] Level 1:colcon.colcon_core.package_identification:_identify(install) ignored
[2.828s] Level 1:colcon.colcon_core.package_identification:_identify(log) by extensions ['ignore', 'ignore_ament_install']
[2.828s] Level 1:colcon.colcon_core.package_identification:_identify(log) by extension 'ignore'
[2.829s] Level 1:colcon.colcon_core.package_identification:_identify(log) ignored
[2.830s] Level 1:colcon.colcon_core.package_identification:_identify(src) by extensions ['ignore', 'ignore_ament_install']
[2.831s] Level 1:colcon.colcon_core.package_identification:_identify(src) by extension 'ignore'
[2.832s] Level 1:colcon.colcon_core.package_identification:_identify(src) by extension 'ignore_ament_install'
[2.833s] Level 1:colcon.colcon_core.package_identification:_identify(src) by extensions ['colcon_pkg']
[2.833s] Level 1:colcon.colcon_core.package_identification:_identify(src) by extension 'colcon_pkg'
[2.834s] Level 1:colcon.colcon_core.package_identification:_identify(src) by extensions ['colcon_meta']
[2.837s] Level 1:colcon.colcon_core.package_identification:_identify(src) by extension 'colcon_meta'
[2.839s] Level 1:colcon.colcon_core.package_identification:_identify(src) by extensions ['ros']
[2.840s] Level 1:colcon.colcon_core.package_identification:_identify(src) by extension 'ros'
[2.842s] Level 1:colcon.colcon_core.package_identification:_identify(src) by extensions ['cmake', 'python']
[2.844s] Level 1:colcon.colcon_core.package_identification:_identify(src) by extension 'cmake'
[2.844s] Level 1:colcon.colcon_core.package_identification:_identify(src) by extension 'python'
[2.845s] Level 1:colcon.colcon_core.package_identification:_identify(src) by extensions ['python_setup_py']
[2.846s] Level 1:colcon.colcon_core.package_identification:_identify(src) by extension 'python_setup_py'
[2.847s] Level 1:colcon.colcon_core.package_identification:_identify(src/bump_n_go_pkg) by extensions ['ignore', 'ignore_ament_install']
[2.848s] Level 1:colcon.colcon_core.package_identification:_identify(src/bump_n_go_pkg) by extension 'ignore'
[2.849s] Level 1:colcon.colcon_core.package_identification:_identify(src/bump_n_go_pkg) by extension 'ignore_ament_install'
[2.851s] Level 1:colcon.colcon_core.package_identification:_identify(src/bump_n_go_pkg) by extensions ['colcon_pkg']
[2.851s] Level 1:colcon.colcon_core.package_identification:_identify(src/bump_n_go_pkg) by extension 'colcon_pkg'
[2.852s] Level 1:colcon.colcon_core.package_identification:_identify(src/bump_n_go_pkg) by extensions ['colcon_meta']
[2.853s] Level 1:colcon.colcon_core.package_identification:_identify(src/bump_n_go_pkg) by extension 'colcon_meta'
[2.853s] Level 1:colcon.colcon_core.package_identification:_identify(src/bump_n_go_pkg) by extensions ['ros']
[2.854s] Level 1:colcon.colcon_core.package_identification:_identify(src/bump_n_go_pkg) by extension 'ros'
[2.872s] DEBUG:colcon.colcon_core.package_identification:Package 'src/bump_n_go_pkg' with type 'ros.ament_python' and name 'bump_n_go_pkg'
[2.874s] Level 1:colcon.colcon_core.package_identification:_identify(src/robot_control_architecture_pkg) by extensions ['ignore', 'ignore_ament_install']
[2.875s] Level 1:colcon.colcon_core.package_identification:_identify(src/robot_control_architecture_pkg) by extension 'ignore'
[2.876s] Level 1:colcon.colcon_core.package_identification:_identify(src/robot_control_architecture_pkg) by extension 'ignore_ament_install'
[2.877s] Level 1:colcon.colcon_core.package_identification:_identify(src/robot_control_architecture_pkg) by extensions ['colcon_pkg']
[2.881s] Level 1:colcon.colcon_core.package_identification:_identify(src/robot_control_architecture_pkg) by extension 'colcon_pkg'
[2.882s] Level 1:colcon.colcon_core.package_identification:_identify(src/robot_control_architecture_pkg) by extensions ['colcon_meta']
[2.883s] Level 1:colcon.colcon_core.package_identification:_identify(src/robot_control_architecture_pkg) by extension 'colcon_meta'
[2.884s] Level 1:colcon.colcon_core.package_identification:_identify(src/robot_control_architecture_pkg) by extensions ['ros']
[2.884s] Level 1:colcon.colcon_core.package_identification:_identify(src/robot_control_architecture_pkg) by extension 'ros'
[2.888s] DEBUG:colcon.colcon_core.package_identification:Package 'src/robot_control_architecture_pkg' with type 'ros.ament_python' and name 'robot_control_architecture_pkg'
[2.889s] Level 1:colcon.colcon_core.package_discovery:discover_packages(recursive) using defaults
[2.891s] Level 1:colcon.colcon_core.package_discovery:discover_packages(ignore) discover
[2.892s] Level 1:colcon.colcon_core.package_discovery:discover_packages(ignore) using defaults
[2.892s] Level 1:colcon.colcon_core.package_discovery:discover_packages(path) discover
[2.893s] Level 1:colcon.colcon_core.package_discovery:discover_packages(path) using defaults
[3.081s] Level 1:colcon.colcon_core.package_discovery:discover_packages(prefix_path) check parameters
[3.082s] Level 1:colcon.colcon_core.package_discovery:discover_packages(prefix_path) discover
[3.109s] DEBUG:colcon.colcon_installed_package_information.package_discovery:Found 334 installed packages in /opt/ros/humble
[3.120s] Level 1:colcon.colcon_core.package_discovery:discover_packages(prefix_path) using defaults
[3.398s] Level 5:colcon.colcon_core.verb:set package 'bump_n_go_pkg' build argument 'cmake_args' from command line to 'None'
[3.399s] Level 5:colcon.colcon_core.verb:set package 'bump_n_go_pkg' build argument 'cmake_target' from command line to 'None'
[3.400s] Level 5:colcon.colcon_core.verb:set package 'bump_n_go_pkg' build argument 'cmake_target_skip_unavailable' from command line to 'False'
[3.400s] Level 5:colcon.colcon_core.verb:set package 'bump_n_go_pkg' build argument 'cmake_clean_cache' from command line to 'False'
[3.401s] Level 5:colcon.colcon_core.verb:set package 'bump_n_go_pkg' build argument 'cmake_clean_first' from command line to 'False'
[3.401s] Level 5:colcon.colcon_core.verb:set package 'bump_n_go_pkg' build argument 'cmake_force_configure' from command line to 'False'
[3.402s] Level 5:colcon.colcon_core.verb:set package 'bump_n_go_pkg' build argument 'ament_cmake_args' from command line to 'None'
[3.402s] Level 5:colcon.colcon_core.verb:set package 'bump_n_go_pkg' build argument 'catkin_cmake_args' from command line to 'None'
[3.402s] Level 5:colcon.colcon_core.verb:set package 'bump_n_go_pkg' build argument 'catkin_skip_building_tests' from command line to 'False'
[3.403s] DEBUG:colcon.colcon_core.verb:Building package 'bump_n_go_pkg' with the following arguments: {'ament_cmake_args': None, 'build_base': '/home/ubuntu/lab-3-robot-control-architecture-ii-tortoise-hare/ros2_ws/build/bump_n_go_pkg', 'catkin_cmake_args': None, 'catkin_skip_building_tests': False, 'cmake_args': None, 'cmake_clean_cache': False, 'cmake_clean_first': False, 'cmake_force_configure': False, 'cmake_target': None, 'cmake_target_skip_unavailable': False, 'install_base': '/home/ubuntu/lab-3-robot-control-architecture-ii-tortoise-hare/ros2_ws/install/bump_n_go_pkg', 'merge_install': False, 'path': '/home/ubuntu/lab-3-robot-control-architecture-ii-tortoise-hare/ros2_ws/src/bump_n_go_pkg', 'symlink_install': False, 'test_result_base': None}
[3.405s] Level 5:colcon.colcon_core.verb:set package 'robot_control_architecture_pkg' build argument 'cmake_args' from command line to 'None'
[3.405s] Level 5:colcon.colcon_core.verb:set package 'robot_control_architecture_pkg' build argument 'cmake_target' from command line to 'None'
[3.406s] Level 5:colcon.colcon_core.verb:set package 'robot_control_architecture_pkg' build argument 'cmake_target_skip_unavailable' from command line to 'False'
[3.407s] Level 5:colcon.colcon_core.verb:set package 'robot_control_architecture_pkg' build argument 'cmake_clean_cache' from command line to 'False'
[3.408s] Level 5:colcon.colcon_core.verb:set package 'robot_control_architecture_pkg' build argument 'cmake_clean_first' from command line to 'False'
[3.408s] Level 5:colcon.colcon_core.verb:set package 'robot_control_architecture_pkg' build argument 'cmake_force_configure' from command line to 'False'
[3.409s] Level 5:colcon.colcon_core.verb:set package 'robot_control_architecture_pkg' build argument 'ament_cmake_args' from command line to 'None'
[3.410s] Level 5:colcon.colcon_core.verb:set package 'robot_control_architecture_pkg' build argument 'catkin_cmake_args' from command line to 'None'
[3.410s] Level 5:colcon.colcon_core.verb:set package 'robot_control_architecture_pkg' build argument 'catkin_skip_building_tests' from command line to 'False'
[3.411s] DEBUG:colcon.colcon_core.verb:Building package 'robot_control_architecture_pkg' with the following arguments: {'ament_cmake_args': None, 'build_base': '/home/ubuntu/lab-3-robot-control-architecture-ii-tortoise-hare/ros2_ws/build/robot_control_architecture_pkg', 'catkin_cmake_args': None, 'catkin_skip_building_tests': False, 'cmake_args': None, 'cmake_clean_cache': False, 'cmake_clean_first': False, 'cmake_force_configure': False, 'cmake_target': None, 'cmake_target_skip_unavailable': False, 'install_base': '/home/ubuntu/lab-3-robot-control-architecture-ii-tortoise-hare/ros2_ws/install/robot_control_architecture_pkg', 'merge_install': False, 'path': '/home/ubuntu/lab-3-robot-control-architecture-ii-tortoise-hare/ros2_ws/src/robot_control_architecture_pkg', 'symlink_install': False, 'test_result_base': None}
[3.412s] INFO:colcon.colcon_core.executor:Executing jobs using 'parallel' executor
[3.419s] DEBUG:colcon.colcon_parallel_executor.executor.parallel:run_until_complete
[3.420s] INFO:colcon.colcon_ros.task.ament_python.build:Building ROS package in '/home/ubuntu/lab-3-robot-control-architecture-ii-tortoise-hare/ros2_ws/src/bump_n_go_pkg' with build type 'ament_python'
[3.421s] Level 1:colcon.colcon_core.shell:create_environment_hook('bump_n_go_pkg', 'ament_prefix_path')
[3.449s] INFO:colcon.colcon_core.plugin_system:Skipping extension 'colcon_core.shell.bat': Not used on non-Windows systems
[3.451s] INFO:colcon.colcon_core.shell:Creating environment hook '/home/ubuntu/lab-3-robot-control-architecture-ii-tortoise-hare/ros2_ws/install/bump_n_go_pkg/share/bump_n_go_pkg/hook/ament_prefix_path.ps1'
[3.457s] INFO:colcon.colcon_core.shell:Creating environment descriptor '/home/ubuntu/lab-3-robot-control-architecture-ii-tortoise-hare/ros2_ws/install/bump_n_go_pkg/share/bump_n_go_pkg/hook/ament_prefix_path.dsv'
[3.464s] INFO:colcon.colcon_core.shell:Creating environment hook '/home/ubuntu/lab-3-robot-control-architecture-ii-tortoise-hare/ros2_ws/install/bump_n_go_pkg/share/bump_n_go_pkg/hook/ament_prefix_path.sh'
[3.473s] INFO:colcon.colcon_core.shell:Skip shell extension 'powershell' for command environment: Not usable outside of PowerShell
[3.474s] DEBUG:colcon.colcon_core.shell:Skip shell extension 'dsv' for command environment
[3.503s] INFO:colcon.colcon_ros.task.ament_python.build:Building ROS package in '/home/ubuntu/lab-3-robot-control-architecture-ii-tortoise-hare/ros2_ws/src/robot_control_architecture_pkg' with build type 'ament_python'
[3.504s] Level 1:colcon.colcon_core.shell:create_environment_hook('robot_control_architecture_pkg', 'ament_prefix_path')
[3.505s] INFO:colcon.colcon_core.shell:Creating environment hook '/home/ubuntu/lab-3-robot-control-architecture-ii-tortoise-hare/ros2_ws/install/robot_control_architecture_pkg/share/robot_control_architecture_pkg/hook/ament_prefix_path.ps1'
[3.512s] INFO:colcon.colcon_core.shell:Creating environment descriptor '/home/ubuntu/lab-3-robot-control-architecture-ii-tortoise-hare/ros2_ws/install/robot_control_architecture_pkg/share/robot_control_architecture_pkg/hook/ament_prefix_path.dsv'
[3.528s] INFO:colcon.colcon_core.shell:Creating environment hook '/home/ubuntu/lab-3-robot-control-architecture-ii-tortoise-hare/ros2_ws/install/robot_control_architecture_pkg/share/robot_control_architecture_pkg/hook/ament_prefix_path.sh'
[3.540s] INFO:colcon.colcon_core.shell:Skip shell extension 'powershell' for command environment: Not usable outside of PowerShell
[3.541s] DEBUG:colcon.colcon_core.shell:Skip shell extension 'dsv' for command environment
[5.656s] INFO:colcon.colcon_core.task.python.build:Building Python package in '/home/ubuntu/lab-3-robot-control-architecture-ii-tortoise-hare/ros2_ws/src/bump_n_go_pkg'
[5.657s] INFO:colcon.colcon_core.shell:Skip shell extension 'powershell' for command environment: Not usable outside of PowerShell
[5.658s] DEBUG:colcon.colcon_core.shell:Skip shell extension 'dsv' for command environment
[7.613s] INFO:colcon.colcon_core.task.python.build:Building Python package in '/home/ubuntu/lab-3-robot-control-architecture-ii-tortoise-hare/ros2_ws/src/robot_control_architecture_pkg'
[7.615s] INFO:colcon.colcon_core.shell:Skip shell extension 'powershell' for command environment: Not usable outside of PowerShell
[7.615s] DEBUG:colcon.colcon_core.shell:Skip shell extension 'dsv' for command environment
[11.742s] DEBUG:colcon.colcon_core.event_handler.log_command:Invoking command in '/home/ubuntu/lab-3-robot-control-architecture-ii-tortoise-hare/ros2_ws/src/bump_n_go_pkg': PYTHONPATH=/home/ubuntu/lab-3-robot-control-architecture-ii-tortoise-hare/ros2_ws/build/bump_n_go_pkg/prefix_override:/usr/lib/python3/dist-packages/colcon_core/task/python/colcon_distutils_commands:/home/ubuntu/lab-3-robot-control-architecture-ii-tortoise-hare/ros2_ws/install/bump_n_go_pkg/lib/python3.10/site-packages:${PYTHONPATH} /usr/bin/python3 -W ignore:setup.py install is deprecated setup.py egg_info --egg-base ../../build/bump_n_go_pkg build --build-base /home/ubuntu/lab-3-robot-control-architecture-ii-tortoise-hare/ros2_ws/build/bump_n_go_pkg/build install --record /home/ubuntu/lab-3-robot-control-architecture-ii-tortoise-hare/ros2_ws/build/bump_n_go_pkg/install.log --single-version-externally-managed install_data
[11.774s] DEBUG:colcon.colcon_core.event_handler.log_command:Invoking command in '/home/ubuntu/lab-3-robot-control-architecture-ii-tortoise-hare/ros2_ws/src/robot_control_architecture_pkg': PYTHONPATH=/home/ubuntu/lab-3-robot-control-architecture-ii-tortoise-hare/ros2_ws/build/robot_control_architecture_pkg/prefix_override:/usr/lib/python3/dist-packages/colcon_core/task/python/colcon_distutils_commands:/home/ubuntu/lab-3-robot-control-architecture-ii-tortoise-hare/ros2_ws/install/robot_control_architecture_pkg/lib/python3.10/site-packages:${PYTHONPATH} /usr/bin/python3 -W ignore:setup.py install is deprecated setup.py egg_info --egg-base ../../build/robot_control_architecture_pkg build --build-base /home/ubuntu/lab-3-robot-control-architecture-ii-tortoise-hare/ros2_ws/build/robot_control_architecture_pkg/build install --record /home/ubuntu/lab-3-robot-control-architecture-ii-tortoise-hare/ros2_ws/build/robot_control_architecture_pkg/install.log --single-version-externally-managed install_data
[14.529s] DEBUG:colcon.colcon_core.event_handler.log_command:Invoked command in '/home/ubuntu/lab-3-robot-control-architecture-ii-tortoise-hare/ros2_ws/src/robot_control_architecture_pkg' returned '0': PYTHONPATH=/home/ubuntu/lab-3-robot-control-architecture-ii-tortoise-hare/ros2_ws/build/robot_control_architecture_pkg/prefix_override:/usr/lib/python3/dist-packages/colcon_core/task/python/colcon_distutils_commands:/home/ubuntu/lab-3-robot-control-architecture-ii-tortoise-hare/ros2_ws/install/robot_control_architecture_pkg/lib/python3.10/site-packages:${PYTHONPATH} /usr/bin/python3 -W ignore:setup.py install is deprecated setup.py egg_info --egg-base ../../build/robot_control_architecture_pkg build --build-base /home/ubuntu/lab-3-robot-control-architecture-ii-tortoise-hare/ros2_ws/build/robot_control_architecture_pkg/build install --record /home/ubuntu/lab-3-robot-control-architecture-ii-tortoise-hare/ros2_ws/build/robot_control_architecture_pkg/install.log --single-version-externally-managed install_data
[14.620s] Level 1:colcon.colcon_core.environment:checking '/home/ubuntu/lab-3-robot-control-architecture-ii-tortoise-hare/ros2_ws/install/robot_control_architecture_pkg' for CMake module files
[14.626s] Level 1:colcon.colcon_core.environment:checking '/home/ubuntu/lab-3-robot-control-architecture-ii-tortoise-hare/ros2_ws/install/robot_control_architecture_pkg' for CMake config files
[14.661s] Level 1:colcon.colcon_core.environment:checking '/home/ubuntu/lab-3-robot-control-architecture-ii-tortoise-hare/ros2_ws/install/robot_control_architecture_pkg/lib'
[14.663s] Level 1:colcon.colcon_core.environment:checking '/home/ubuntu/lab-3-robot-control-architecture-ii-tortoise-hare/ros2_ws/install/robot_control_architecture_pkg/bin'
[14.680s] Level 1:colcon.colcon_core.environment:checking '/home/ubuntu/lab-3-robot-control-architecture-ii-tortoise-hare/ros2_ws/install/robot_control_architecture_pkg/lib/pkgconfig/robot_control_architecture_pkg.pc'
[14.683s] Level 1:colcon.colcon_core.environment:checking '/home/ubuntu/lab-3-robot-control-architecture-ii-tortoise-hare/ros2_ws/install/robot_control_architecture_pkg/lib/python3.10/site-packages'
[14.684s] Level 1:colcon.colcon_core.shell:create_environment_hook('robot_control_architecture_pkg', 'pythonpath')
[14.691s] INFO:colcon.colcon_core.shell:Creating environment hook '/home/ubuntu/lab-3-robot-control-architecture-ii-tortoise-hare/ros2_ws/install/robot_control_architecture_pkg/share/robot_control_architecture_pkg/hook/pythonpath.ps1'
[14.694s] INFO:colcon.colcon_core.shell:Creating environment descriptor '/home/ubuntu/lab-3-robot-control-architecture-ii-tortoise-hare/ros2_ws/install/robot_control_architecture_pkg/share/robot_control_architecture_pkg/hook/pythonpath.dsv'
[14.697s] INFO:colcon.colcon_core.shell:Creating environment hook '/home/ubuntu/lab-3-robot-control-architecture-ii-tortoise-hare/ros2_ws/install/robot_control_architecture_pkg/share/robot_control_architecture_pkg/hook/pythonpath.sh'
[14.700s] Level 1:colcon.colcon_core.environment:checking '/home/ubuntu/lab-3-robot-control-architecture-ii-tortoise-hare/ros2_ws/install/robot_control_architecture_pkg/bin'
[14.700s] Level 1:colcon.colcon_core.environment:create_environment_scripts_only(robot_control_architecture_pkg)
[14.701s] INFO:colcon.colcon_core.shell:Creating package script '/home/ubuntu/lab-3-robot-control-architecture-ii-tortoise-hare/ros2_ws/install/robot_control_architecture_pkg/share/robot_control_architecture_pkg/package.ps1'
[14.706s] INFO:colcon.colcon_core.shell:Creating package descriptor '/home/ubuntu/lab-3-robot-control-architecture-ii-tortoise-hare/ros2_ws/install/robot_control_architecture_pkg/share/robot_control_architecture_pkg/package.dsv'
[14.711s] INFO:colcon.colcon_core.shell:Creating package script '/home/ubuntu/lab-3-robot-control-architecture-ii-tortoise-hare/ros2_ws/install/robot_control_architecture_pkg/share/robot_control_architecture_pkg/package.sh'
[14.719s] INFO:colcon.colcon_core.shell:Creating package script '/home/ubuntu/lab-3-robot-control-architecture-ii-tortoise-hare/ros2_ws/install/robot_control_architecture_pkg/share/robot_control_architecture_pkg/package.bash'
[14.725s] INFO:colcon.colcon_core.shell:Creating package script '/home/ubuntu/lab-3-robot-control-architecture-ii-tortoise-hare/ros2_ws/install/robot_control_architecture_pkg/share/robot_control_architecture_pkg/package.zsh'
[14.732s] Level 1:colcon.colcon_core.environment:create_file_with_runtime_dependencies(/home/ubuntu/lab-3-robot-control-architecture-ii-tortoise-hare/ros2_ws/install/robot_control_architecture_pkg/share/colcon-core/packages/robot_control_architecture_pkg)
[14.739s] Level 1:colcon.colcon_core.environment:checking '/home/ubuntu/lab-3-robot-control-architecture-ii-tortoise-hare/ros2_ws/install/bump_n_go_pkg' for CMake module files
[14.749s] DEBUG:colcon.colcon_core.event_handler.log_command:Invoked command in '/home/ubuntu/lab-3-robot-control-architecture-ii-tortoise-hare/ros2_ws/src/bump_n_go_pkg' returned '0': PYTHONPATH=/home/ubuntu/lab-3-robot-control-architecture-ii-tortoise-hare/ros2_ws/build/bump_n_go_pkg/prefix_override:/usr/lib/python3/dist-packages/colcon_core/task/python/colcon_distutils_commands:/home/ubuntu/lab-3-robot-control-architecture-ii-tortoise-hare/ros2_ws/install/bump_n_go_pkg/lib/python3.10/site-packages:${PYTHONPATH} /usr/bin/python3 -W ignore:setup.py install is deprecated setup.py egg_info --egg-base ../../build/bump_n_go_pkg build --build-base /home/ubuntu/lab-3-robot-control-architecture-ii-tortoise-hare/ros2_ws/build/bump_n_go_pkg/build install --record /home/ubuntu/lab-3-robot-control-architecture-ii-tortoise-hare/ros2_ws/build/bump_n_go_pkg/install.log --single-version-externally-managed install_data
[14.750s] Level 1:colcon.colcon_core.environment:checking '/home/ubuntu/lab-3-robot-control-architecture-ii-tortoise-hare/ros2_ws/install/bump_n_go_pkg' for CMake config files
[14.754s] Level 1:colcon.colcon_core.environment:checking '/home/ubuntu/lab-3-robot-control-architecture-ii-tortoise-hare/ros2_ws/install/bump_n_go_pkg/lib'
[14.755s] Level 1:colcon.colcon_core.environment:checking '/home/ubuntu/lab-3-robot-control-architecture-ii-tortoise-hare/ros2_ws/install/bump_n_go_pkg/bin'
[14.755s] Level 1:colcon.colcon_core.environment:checking '/home/ubuntu/lab-3-robot-control-architecture-ii-tortoise-hare/ros2_ws/install/bump_n_go_pkg/lib/pkgconfig/bump_n_go_pkg.pc'
[14.758s] Level 1:colcon.colcon_core.environment:checking '/home/ubuntu/lab-3-robot-control-architecture-ii-tortoise-hare/ros2_ws/install/bump_n_go_pkg/lib/python3.10/site-packages'
[14.758s] Level 1:colcon.colcon_core.shell:create_environment_hook('bump_n_go_pkg', 'pythonpath')
[14.759s] INFO:colcon.colcon_core.shell:Creating environment hook '/home/ubuntu/lab-3-robot-control-architecture-ii-tortoise-hare/ros2_ws/install/bump_n_go_pkg/share/bump_n_go_pkg/hook/pythonpath.ps1'
[14.762s] INFO:colcon.colcon_core.shell:Creating environment descriptor '/home/ubuntu/lab-3-robot-control-architecture-ii-tortoise-hare/ros2_ws/install/bump_n_go_pkg/share/bump_n_go_pkg/hook/pythonpath.dsv'
[14.764s] INFO:colcon.colcon_core.shell:Creating environment hook '/home/ubuntu/lab-3-robot-control-architecture-ii-tortoise-hare/ros2_ws/install/bump_n_go_pkg/share/bump_n_go_pkg/hook/pythonpath.sh'
[14.768s] Level 1:colcon.colcon_core.environment:checking '/home/ubuntu/lab-3-robot-control-architecture-ii-tortoise-hare/ros2_ws/install/bump_n_go_pkg/bin'
[14.769s] Level 1:colcon.colcon_core.environment:create_environment_scripts_only(bump_n_go_pkg)
[14.771s] INFO:colcon.colcon_core.shell:Creating package script '/home/ubuntu/lab-3-robot-control-architecture-ii-tortoise-hare/ros2_ws/install/bump_n_go_pkg/share/bump_n_go_pkg/package.ps1'
[14.778s] INFO:colcon.colcon_core.shell:Creating package descriptor '/home/ubuntu/lab-3-robot-control-architecture-ii-tortoise-hare/ros2_ws/install/bump_n_go_pkg/share/bump_n_go_pkg/package.dsv'
[14.788s] INFO:colcon.colcon_core.shell:Creating package script '/home/ubuntu/lab-3-robot-control-architecture-ii-tortoise-hare/ros2_ws/install/bump_n_go_pkg/share/bump_n_go_pkg/package.sh'
[14.793s] INFO:colcon.colcon_core.shell:Creating package script '/home/ubuntu/lab-3-robot-control-architecture-ii-tortoise-hare/ros2_ws/install/bump_n_go_pkg/share/bump_n_go_pkg/package.bash'
[14.796s] INFO:colcon.colcon_core.shell:Creating package script '/home/ubuntu/lab-3-robot-control-architecture-ii-tortoise-hare/ros2_ws/install/bump_n_go_pkg/share/bump_n_go_pkg/package.zsh'
[14.798s] Level 1:colcon.colcon_core.environment:create_file_with_runtime_dependencies(/home/ubuntu/lab-3-robot-control-architecture-ii-tortoise-hare/ros2_ws/install/bump_n_go_pkg/share/colcon-core/packages/bump_n_go_pkg)
[14.800s] DEBUG:colcon.colcon_parallel_executor.executor.parallel:closing loop
[14.801s] DEBUG:colcon.colcon_parallel_executor.executor.parallel:loop closed
[14.801s] DEBUG:colcon.colcon_parallel_executor.executor.parallel:run_until_complete finished with '0'
[14.801s] DEBUG:colcon.colcon_core.event_reactor:joining thread
[14.833s] INFO:colcon.colcon_core.plugin_system:Skipping extension 'colcon_notification.desktop_notification.notify_send': Could not find 'notify-send'
[14.834s] INFO:colcon.colcon_core.plugin_system:Skipping extension 'colcon_notification.desktop_notification.terminal_notifier': Not used on non-Darwin systems
[14.835s] INFO:colcon.colcon_core.plugin_system:Skipping extension 'colcon_notification.desktop_notification.win32': Not used on non-Windows systems
[14.837s] INFO:colcon.colcon_notification.desktop_notification:Sending desktop notification using 'notify2'
[14.845s] DEBUG:colcon.colcon_notification.desktop_notification.notify2:Failed to initialize notify2: org.freedesktop.DBus.Error.ServiceUnknown: The name org.freedesktop.Notifications was not provided by any .service files
[14.845s] DEBUG:colcon.colcon_core.event_reactor:joined thread
[14.847s] INFO:colcon.colcon_core.shell:Creating prefix script '/home/ubuntu/lab-3-robot-control-architecture-ii-tortoise-hare/ros2_ws/install/local_setup.ps1'
[14.853s] INFO:colcon.colcon_core.shell:Creating prefix util module '/home/ubuntu/lab-3-robot-control-architecture-ii-tortoise-hare/ros2_ws/install/_local_setup_util_ps1.py'
[14.861s] INFO:colcon.colcon_core.shell:Creating prefix chain script '/home/ubuntu/lab-3-robot-control-architecture-ii-tortoise-hare/ros2_ws/install/setup.ps1'
[14.867s] INFO:colcon.colcon_core.shell:Creating prefix script '/home/ubuntu/lab-3-robot-control-architecture-ii-tortoise-hare/ros2_ws/install/local_setup.sh'
[14.873s] INFO:colcon.colcon_core.shell:Creating prefix util module '/home/ubuntu/lab-3-robot-control-architecture-ii-tortoise-hare/ros2_ws/install/_local_setup_util_sh.py'
[14.878s] INFO:colcon.colcon_core.shell:Creating prefix chain script '/home/ubuntu/lab-3-robot-control-architecture-ii-tortoise-hare/ros2_ws/install/setup.sh'
[14.885s] INFO:colcon.colcon_core.shell:Creating prefix script '/home/ubuntu/lab-3-robot-control-architecture-ii-tortoise-hare/ros2_ws/install/local_setup.bash'
[14.889s] INFO:colcon.colcon_core.shell:Creating prefix chain script '/home/ubuntu/lab-3-robot-control-architecture-ii-tortoise-hare/ros2_ws/install/setup.bash'
[14.898s] INFO:colcon.colcon_core.shell:Creating prefix script '/home/ubuntu/lab-3-robot-control-architecture-ii-tortoise-hare/ros2_ws/install/local_setup.zsh'
[14.904s] INFO:colcon.colcon_core.shell:Creating prefix chain script '/home/ubuntu/lab-3-robot-control-architecture-ii-tortoise-hare/ros2_ws/install/setup.zsh'
