[3.126s] Invoking command in '/home/ubuntu/lab-3-robot-control-architecture-ii-tortoise-hare/ros2_ws/src/robot_control_architecture_pkg': PYTHONPATH=/home/ubuntu/lab-3-robot-control-architecture-ii-tortoise-hare/ros2_ws/src/robot_control_architecture_pkg/build/robot_control_architecture_pkg/prefix_override:/usr/lib/python3/dist-packages/colcon_core/task/python/colcon_distutils_commands:/home/ubuntu/lab-3-robot-control-architecture-ii-tortoise-hare/ros2_ws/src/robot_control_architecture_pkg/install/robot_control_architecture_pkg/lib/python3.10/site-packages:${PYTHONPATH} /usr/bin/python3 -W ignore:setup.py install is deprecated setup.py egg_info --egg-base build/robot_control_architecture_pkg build --build-base /home/ubuntu/lab-3-robot-control-architecture-ii-tortoise-hare/ros2_ws/src/robot_control_architecture_pkg/build/robot_control_architecture_pkg/build install --record /home/ubuntu/lab-3-robot-control-architecture-ii-tortoise-hare/ros2_ws/src/robot_control_architecture_pkg/build/robot_control_architecture_pkg/install.log --single-version-externally-managed install_data
[4.351s] running egg_info
[4.354s] creating build/robot_control_architecture_pkg/robot_control_architecture_pkg.egg-info
[4.355s] writing build/robot_control_architecture_pkg/robot_control_architecture_pkg.egg-info/PKG-INFO
[4.359s] writing dependency_links to build/robot_control_architecture_pkg/robot_control_architecture_pkg.egg-info/dependency_links.txt
[4.360s] writing entry points to build/robot_control_architecture_pkg/robot_control_architecture_pkg.egg-info/entry_points.txt
[4.362s] writing requirements to build/robot_control_architecture_pkg/robot_control_architecture_pkg.egg-info/requires.txt
[4.362s] writing top-level names to build/robot_control_architecture_pkg/robot_control_architecture_pkg.egg-info/top_level.txt
[4.363s] writing manifest file 'build/robot_control_architecture_pkg/robot_control_architecture_pkg.egg-info/SOURCES.txt'
[4.371s] reading manifest file 'build/robot_control_architecture_pkg/robot_control_architecture_pkg.egg-info/SOURCES.txt'
[4.372s] adding license file 'LICENSE'
[4.376s] writing manifest file 'build/robot_control_architecture_pkg/robot_control_architecture_pkg.egg-info/SOURCES.txt'
[4.377s] running build
[4.377s] running build_py
[4.378s] creating /home/ubuntu/lab-3-robot-control-architecture-ii-tortoise-hare/ros2_ws/src/robot_control_architecture_pkg/build/robot_control_architecture_pkg/build
[4.379s] creating /home/ubuntu/lab-3-robot-control-architecture-ii-tortoise-hare/ros2_ws/src/robot_control_architecture_pkg/build/robot_control_architecture_pkg/build/lib
[4.379s] creating /home/ubuntu/lab-3-robot-control-architecture-ii-tortoise-hare/ros2_ws/src/robot_control_architecture_pkg/build/robot_control_architecture_pkg/build/lib/robot_control_architecture_pkg
[4.379s] copying robot_control_architecture_pkg/robot_control_architecture_node.py -> /home/ubuntu/lab-3-robot-control-architecture-ii-tortoise-hare/ros2_ws/src/robot_control_architecture_pkg/build/robot_control_architecture_pkg/build/lib/robot_control_architecture_pkg
[4.380s] copying robot_control_architecture_pkg/__init__.py -> /home/ubuntu/lab-3-robot-control-architecture-ii-tortoise-hare/ros2_ws/src/robot_control_architecture_pkg/build/robot_control_architecture_pkg/build/lib/robot_control_architecture_pkg
[4.380s] running install
[4.382s] running install_lib
[4.385s] creating /home/ubuntu/lab-3-robot-control-architecture-ii-tortoise-hare/ros2_ws/src/robot_control_architecture_pkg/install/robot_control_architecture_pkg/lib/python3.10/site-packages/robot_control_architecture_pkg
[4.386s] copying /home/ubuntu/lab-3-robot-control-architecture-ii-tortoise-hare/ros2_ws/src/robot_control_architecture_pkg/build/robot_control_architecture_pkg/build/lib/robot_control_architecture_pkg/robot_control_architecture_node.py -> /home/ubuntu/lab-3-robot-control-architecture-ii-tortoise-hare/ros2_ws/src/robot_control_architecture_pkg/install/robot_control_architecture_pkg/lib/python3.10/site-packages/robot_control_architecture_pkg
[4.387s] copying /home/ubuntu/lab-3-robot-control-architecture-ii-tortoise-hare/ros2_ws/src/robot_control_architecture_pkg/build/robot_control_architecture_pkg/build/lib/robot_control_architecture_pkg/__init__.py -> /home/ubuntu/lab-3-robot-control-architecture-ii-tortoise-hare/ros2_ws/src/robot_control_architecture_pkg/install/robot_control_architecture_pkg/lib/python3.10/site-packages/robot_control_architecture_pkg
[4.389s] byte-compiling /home/ubuntu/lab-3-robot-control-architecture-ii-tortoise-hare/ros2_ws/src/robot_control_architecture_pkg/install/robot_control_architecture_pkg/lib/python3.10/site-packages/robot_control_architecture_pkg/robot_control_architecture_node.py to robot_control_architecture_node.cpython-310.pyc
[4.391s] byte-compiling /home/ubuntu/lab-3-robot-control-architecture-ii-tortoise-hare/ros2_ws/src/robot_control_architecture_pkg/install/robot_control_architecture_pkg/lib/python3.10/site-packages/robot_control_architecture_pkg/__init__.py to __init__.cpython-310.pyc
[4.392s] running install_data
[4.393s] creating /home/ubuntu/lab-3-robot-control-architecture-ii-tortoise-hare/ros2_ws/src/robot_control_architecture_pkg/install/robot_control_architecture_pkg/share/ament_index
[4.393s] creating /home/ubuntu/lab-3-robot-control-architecture-ii-tortoise-hare/ros2_ws/src/robot_control_architecture_pkg/install/robot_control_architecture_pkg/share/ament_index/resource_index
[4.394s] creating /home/ubuntu/lab-3-robot-control-architecture-ii-tortoise-hare/ros2_ws/src/robot_control_architecture_pkg/install/robot_control_architecture_pkg/share/ament_index/resource_index/packages
[4.394s] copying resource/robot_control_architecture_pkg -> /home/ubuntu/lab-3-robot-control-architecture-ii-tortoise-hare/ros2_ws/src/robot_control_architecture_pkg/install/robot_control_architecture_pkg/share/ament_index/resource_index/packages
[4.397s] copying package.xml -> /home/ubuntu/lab-3-robot-control-architecture-ii-tortoise-hare/ros2_ws/src/robot_control_architecture_pkg/install/robot_control_architecture_pkg/share/robot_control_architecture_pkg
[4.397s] running install_egg_info
[4.404s] Copying build/robot_control_architecture_pkg/robot_control_architecture_pkg.egg-info to /home/ubuntu/lab-3-robot-control-architecture-ii-tortoise-hare/ros2_ws/src/robot_control_architecture_pkg/install/robot_control_architecture_pkg/lib/python3.10/site-packages/robot_control_architecture_pkg-0.0.0-py3.10.egg-info
[4.411s] running install_scripts
[4.488s] Installing robot_control_architecture_node script to /home/ubuntu/lab-3-robot-control-architecture-ii-tortoise-hare/ros2_ws/src/robot_control_architecture_pkg/install/robot_control_architecture_pkg/lib/robot_control_architecture_pkg
[4.489s] writing list of installed files to '/home/ubuntu/lab-3-robot-control-architecture-ii-tortoise-hare/ros2_ws/src/robot_control_architecture_pkg/build/robot_control_architecture_pkg/install.log'
[4.626s] Invoked command in '/home/ubuntu/lab-3-robot-control-architecture-ii-tortoise-hare/ros2_ws/src/robot_control_architecture_pkg' returned '0': PYTHONPATH=/home/ubuntu/lab-3-robot-control-architecture-ii-tortoise-hare/ros2_ws/src/robot_control_architecture_pkg/build/robot_control_architecture_pkg/prefix_override:/usr/lib/python3/dist-packages/colcon_core/task/python/colcon_distutils_commands:/home/ubuntu/lab-3-robot-control-architecture-ii-tortoise-hare/ros2_ws/src/robot_control_architecture_pkg/install/robot_control_architecture_pkg/lib/python3.10/site-packages:${PYTHONPATH} /usr/bin/python3 -W ignore:setup.py install is deprecated setup.py egg_info --egg-base build/robot_control_architecture_pkg build --build-base /home/ubuntu/lab-3-robot-control-architecture-ii-tortoise-hare/ros2_ws/src/robot_control_architecture_pkg/build/robot_control_architecture_pkg/build install --record /home/ubuntu/lab-3-robot-control-architecture-ii-tortoise-hare/ros2_ws/src/robot_control_architecture_pkg/build/robot_control_architecture_pkg/install.log --single-version-externally-managed install_data
