[1.683s] DEBUG:colcon:Command line arguments: ['/usr/bin/colcon', 'build']
[1.683s] DEBUG:colcon:Parsed command line arguments: Namespace(log_base=None, log_level=None, verb_name='build', build_base='build', install_base='install', merge_install=False, symlink_install=False, test_result_base=None, continue_on_error=False, executor='parallel', parallel_workers=4, event_handlers=None, ignore_user_meta=False, metas=['./colcon.meta'], base_paths=['.'], packages_ignore=None, packages_ignore_regex=None, paths=None, packages_up_to=None, packages_up_to_regex=None, packages_above=None, packages_above_and_dependencies=None, packages_above_depth=None, packages_select_by_dep=None, packages_skip_by_dep=None, packages_skip_up_to=None, packages_select_build_failed=False, packages_skip_build_finished=False, packages_select_test_failures=False, packages_skip_test_passed=False, packages_select=None, packages_skip=None, packages_select_regex=None, packages_skip_regex=None, packages_start=None, packages_end=None, allow_overriding=[], cmake_args=None, cmake_target=None, cmake_target_skip_unavailable=False, cmake_clean_cache=False, cmake_clean_first=False, cmake_force_configure=False, ament_cmake_args=None, catkin_cmake_args=None, catkin_skip_building_tests=False, verb_parser=<colcon_defaults.argument_parser.defaults.DefaultArgumentsDecorator object at 0xffff99dcd2d0>, verb_extension=<colcon_core.verb.build.BuildVerb object at 0xffff99dccd60>, main=<bound method BuildVerb.main of <colcon_core.verb.build.BuildVerb object at 0xffff99dccd60>>)
[1.801s] Level 1:colcon.colcon_core.package_discovery:discover_packages(colcon_meta) check parameters
[1.802s] Level 1:colcon.colcon_core.package_discovery:discover_packages(recursive) check parameters
[1.802s] Level 1:colcon.colcon_core.package_discovery:discover_packages(ignore) check parameters
[1.802s] Level 1:colcon.colcon_core.package_discovery:discover_packages(path) check parameters
[1.802s] Level 1:colcon.colcon_core.package_discovery:discover_packages(colcon_meta) discover
[1.803s] Level 1:colcon.colcon_core.package_discovery:discover_packages(recursive) discover
[1.803s] INFO:colcon.colcon_core.package_discovery:Crawling recursively for packages in '/home/ubuntu/lab-2-robot-control-architecture-mmw/ros2_ws'
[1.804s] Level 1:colcon.colcon_core.package_identification:_identify(.) by extensions ['ignore', 'ignore_ament_install']
[1.804s] Level 1:colcon.colcon_core.package_identification:_identify(.) by extension 'ignore'
[1.805s] Level 1:colcon.colcon_core.package_identification:_identify(.) by extension 'ignore_ament_install'
[1.805s] Level 1:colcon.colcon_core.package_identification:_identify(.) by extensions ['colcon_pkg']
[1.805s] Level 1:colcon.colcon_core.package_identification:_identify(.) by extension 'colcon_pkg'
[1.806s] Level 1:colcon.colcon_core.package_identification:_identify(.) by extensions ['colcon_meta']
[1.806s] Level 1:colcon.colcon_core.package_identification:_identify(.) by extension 'colcon_meta'
[1.806s] Level 1:colcon.colcon_core.package_identification:_identify(.) by extensions ['ros']
[1.806s] Level 1:colcon.colcon_core.package_identification:_identify(.) by extension 'ros'
[1.857s] Level 1:colcon.colcon_core.package_identification:_identify(.) by extensions ['cmake', 'python']
[1.857s] Level 1:colcon.colcon_core.package_identification:_identify(.) by extension 'cmake'
[1.857s] Level 1:colcon.colcon_core.package_identification:_identify(.) by extension 'python'
[1.858s] Level 1:colcon.colcon_core.package_identification:_identify(.) by extensions ['python_setup_py']
[1.858s] Level 1:colcon.colcon_core.package_identification:_identify(.) by extension 'python_setup_py'
[1.858s] Level 1:colcon.colcon_core.package_identification:_identify(build) by extensions ['ignore', 'ignore_ament_install']
[1.859s] Level 1:colcon.colcon_core.package_identification:_identify(build) by extension 'ignore'
[1.859s] Level 1:colcon.colcon_core.package_identification:_identify(build) ignored
[1.860s] Level 1:colcon.colcon_core.package_identification:_identify(install) by extensions ['ignore', 'ignore_ament_install']
[1.860s] Level 1:colcon.colcon_core.package_identification:_identify(install) by extension 'ignore'
[1.860s] Level 1:colcon.colcon_core.package_identification:_identify(install) ignored
[1.861s] Level 1:colcon.colcon_core.package_identification:_identify(log) by extensions ['ignore', 'ignore_ament_install']
[1.862s] Level 1:colcon.colcon_core.package_identification:_identify(log) by extension 'ignore'
[1.862s] Level 1:colcon.colcon_core.package_identification:_identify(log) ignored
[1.862s] Level 1:colcon.colcon_core.package_identification:_identify(src) by extensions ['ignore', 'ignore_ament_install']
[1.863s] Level 1:colcon.colcon_core.package_identification:_identify(src) by extension 'ignore'
[1.863s] Level 1:colcon.colcon_core.package_identification:_identify(src) by extension 'ignore_ament_install'
[1.863s] Level 1:colcon.colcon_core.package_identification:_identify(src) by extensions ['colcon_pkg']
[1.863s] Level 1:colcon.colcon_core.package_identification:_identify(src) by extension 'colcon_pkg'
[1.863s] Level 1:colcon.colcon_core.package_identification:_identify(src) by extensions ['colcon_meta']
[1.864s] Level 1:colcon.colcon_core.package_identification:_identify(src) by extension 'colcon_meta'
[1.864s] Level 1:colcon.colcon_core.package_identification:_identify(src) by extensions ['ros']
[1.864s] Level 1:colcon.colcon_core.package_identification:_identify(src) by extension 'ros'
[1.864s] Level 1:colcon.colcon_core.package_identification:_identify(src) by extensions ['cmake', 'python']
[1.864s] Level 1:colcon.colcon_core.package_identification:_identify(src) by extension 'cmake'
[1.865s] Level 1:colcon.colcon_core.package_identification:_identify(src) by extension 'python'
[1.865s] Level 1:colcon.colcon_core.package_identification:_identify(src) by extensions ['python_setup_py']
[1.865s] Level 1:colcon.colcon_core.package_identification:_identify(src) by extension 'python_setup_py'
[1.865s] Level 1:colcon.colcon_core.package_identification:_identify(src/bump_n_go_pkg) by extensions ['ignore', 'ignore_ament_install']
[1.866s] Level 1:colcon.colcon_core.package_identification:_identify(src/bump_n_go_pkg) by extension 'ignore'
[1.866s] Level 1:colcon.colcon_core.package_identification:_identify(src/bump_n_go_pkg) by extension 'ignore_ament_install'
[1.866s] Level 1:colcon.colcon_core.package_identification:_identify(src/bump_n_go_pkg) by extensions ['colcon_pkg']
[1.867s] Level 1:colcon.colcon_core.package_identification:_identify(src/bump_n_go_pkg) by extension 'colcon_pkg'
[1.867s] Level 1:colcon.colcon_core.package_identification:_identify(src/bump_n_go_pkg) by extensions ['colcon_meta']
[1.867s] Level 1:colcon.colcon_core.package_identification:_identify(src/bump_n_go_pkg) by extension 'colcon_meta'
[1.867s] Level 1:colcon.colcon_core.package_identification:_identify(src/bump_n_go_pkg) by extensions ['ros']
[1.867s] Level 1:colcon.colcon_core.package_identification:_identify(src/bump_n_go_pkg) by extension 'ros'
[1.877s] DEBUG:colcon.colcon_core.package_identification:Package 'src/bump_n_go_pkg' with type 'ros.ament_python' and name 'bump_n_go_pkg'
[1.877s] Level 1:colcon.colcon_core.package_discovery:discover_packages(recursive) using defaults
[1.878s] Level 1:colcon.colcon_core.package_discovery:discover_packages(ignore) discover
[1.878s] Level 1:colcon.colcon_core.package_discovery:discover_packages(ignore) using defaults
[1.878s] Level 1:colcon.colcon_core.package_discovery:discover_packages(path) discover
[1.878s] Level 1:colcon.colcon_core.package_discovery:discover_packages(path) using defaults
[1.983s] Level 1:colcon.colcon_core.package_discovery:discover_packages(prefix_path) check parameters
[1.984s] Level 1:colcon.colcon_core.package_discovery:discover_packages(prefix_path) discover
[1.996s] DEBUG:colcon.colcon_installed_package_information.package_discovery:Found 1 installed packages in /home/ubuntu/lab-2-robot-control-architecture-mmw/ros2_ws/install
[2.008s] DEBUG:colcon.colcon_installed_package_information.package_discovery:Found 313 installed packages in /opt/ros/humble
[2.017s] Level 1:colcon.colcon_core.package_discovery:discover_packages(prefix_path) using defaults
[2.309s] Level 5:colcon.colcon_core.verb:set package 'bump_n_go_pkg' build argument 'cmake_args' from command line to 'None'
[2.309s] Level 5:colcon.colcon_core.verb:set package 'bump_n_go_pkg' build argument 'cmake_target' from command line to 'None'
[2.310s] Level 5:colcon.colcon_core.verb:set package 'bump_n_go_pkg' build argument 'cmake_target_skip_unavailable' from command line to 'False'
[2.310s] Level 5:colcon.colcon_core.verb:set package 'bump_n_go_pkg' build argument 'cmake_clean_cache' from command line to 'False'
[2.310s] Level 5:colcon.colcon_core.verb:set package 'bump_n_go_pkg' build argument 'cmake_clean_first' from command line to 'False'
[2.311s] Level 5:colcon.colcon_core.verb:set package 'bump_n_go_pkg' build argument 'cmake_force_configure' from command line to 'False'
[2.311s] Level 5:colcon.colcon_core.verb:set package 'bump_n_go_pkg' build argument 'ament_cmake_args' from command line to 'None'
[2.311s] Level 5:colcon.colcon_core.verb:set package 'bump_n_go_pkg' build argument 'catkin_cmake_args' from command line to 'None'
[2.311s] Level 5:colcon.colcon_core.verb:set package 'bump_n_go_pkg' build argument 'catkin_skip_building_tests' from command line to 'False'
[2.311s] DEBUG:colcon.colcon_core.verb:Building package 'bump_n_go_pkg' with the following arguments: {'ament_cmake_args': None, 'build_base': '/home/ubuntu/lab-2-robot-control-architecture-mmw/ros2_ws/build/bump_n_go_pkg', 'catkin_cmake_args': None, 'catkin_skip_building_tests': False, 'cmake_args': None, 'cmake_clean_cache': False, 'cmake_clean_first': False, 'cmake_force_configure': False, 'cmake_target': None, 'cmake_target_skip_unavailable': False, 'install_base': '/home/ubuntu/lab-2-robot-control-architecture-mmw/ros2_ws/install/bump_n_go_pkg', 'merge_install': False, 'path': '/home/ubuntu/lab-2-robot-control-architecture-mmw/ros2_ws/src/bump_n_go_pkg', 'symlink_install': False, 'test_result_base': None}
[2.315s] INFO:colcon.colcon_core.executor:Executing jobs using 'parallel' executor
[2.330s] DEBUG:colcon.colcon_parallel_executor.executor.parallel:run_until_complete
[2.332s] INFO:colcon.colcon_ros.task.ament_python.build:Building ROS package in '/home/ubuntu/lab-2-robot-control-architecture-mmw/ros2_ws/src/bump_n_go_pkg' with build type 'ament_python'
[2.334s] Level 1:colcon.colcon_core.shell:create_environment_hook('bump_n_go_pkg', 'ament_prefix_path')
[2.356s] INFO:colcon.colcon_core.plugin_system:Skipping extension 'colcon_core.shell.bat': Not used on non-Windows systems
[2.357s] INFO:colcon.colcon_core.shell:Creating environment hook '/home/ubuntu/lab-2-robot-control-architecture-mmw/ros2_ws/install/bump_n_go_pkg/share/bump_n_go_pkg/hook/ament_prefix_path.ps1'
[2.360s] INFO:colcon.colcon_core.shell:Creating environment descriptor '/home/ubuntu/lab-2-robot-control-architecture-mmw/ros2_ws/install/bump_n_go_pkg/share/bump_n_go_pkg/hook/ament_prefix_path.dsv'
[2.363s] INFO:colcon.colcon_core.shell:Creating environment hook '/home/ubuntu/lab-2-robot-control-architecture-mmw/ros2_ws/install/bump_n_go_pkg/share/bump_n_go_pkg/hook/ament_prefix_path.sh'
[2.371s] INFO:colcon.colcon_core.shell:Skip shell extension 'powershell' for command environment: Not usable outside of PowerShell
[2.372s] DEBUG:colcon.colcon_core.shell:Skip shell extension 'dsv' for command environment
[3.794s] INFO:colcon.colcon_core.task.python.build:Building Python package in '/home/ubuntu/lab-2-robot-control-architecture-mmw/ros2_ws/src/bump_n_go_pkg'
[3.799s] INFO:colcon.colcon_core.shell:Skip shell extension 'powershell' for command environment: Not usable outside of PowerShell
[3.799s] DEBUG:colcon.colcon_core.shell:Skip shell extension 'dsv' for command environment
[5.662s] DEBUG:colcon.colcon_core.event_handler.log_command:Invoking command in '/home/ubuntu/lab-2-robot-control-architecture-mmw/ros2_ws/src/bump_n_go_pkg': PYTHONPATH=/home/ubuntu/lab-2-robot-control-architecture-mmw/ros2_ws/build/bump_n_go_pkg/prefix_override:/home/ubuntu/lab-2-robot-control-architecture-mmw/ros2_ws/install/bump_n_go_pkg/lib/python3.10/site-packages:${PYTHONPATH} /usr/bin/python3 setup.py egg_info --egg-base ../../build/bump_n_go_pkg build --build-base /home/ubuntu/lab-2-robot-control-architecture-mmw/ros2_ws/build/bump_n_go_pkg/build install --record /home/ubuntu/lab-2-robot-control-architecture-mmw/ros2_ws/build/bump_n_go_pkg/install.log --single-version-externally-managed
[7.228s] DEBUG:colcon.colcon_core.event_handler.log_command:Invoked command in '/home/ubuntu/lab-2-robot-control-architecture-mmw/ros2_ws/src/bump_n_go_pkg' returned '0': PYTHONPATH=/home/ubuntu/lab-2-robot-control-architecture-mmw/ros2_ws/build/bump_n_go_pkg/prefix_override:/home/ubuntu/lab-2-robot-control-architecture-mmw/ros2_ws/install/bump_n_go_pkg/lib/python3.10/site-packages:${PYTHONPATH} /usr/bin/python3 setup.py egg_info --egg-base ../../build/bump_n_go_pkg build --build-base /home/ubuntu/lab-2-robot-control-architecture-mmw/ros2_ws/build/bump_n_go_pkg/build install --record /home/ubuntu/lab-2-robot-control-architecture-mmw/ros2_ws/build/bump_n_go_pkg/install.log --single-version-externally-managed
[7.253s] Level 1:colcon.colcon_core.environment:checking '/home/ubuntu/lab-2-robot-control-architecture-mmw/ros2_ws/install/bump_n_go_pkg' for CMake module files
[7.255s] Level 1:colcon.colcon_core.environment:checking '/home/ubuntu/lab-2-robot-control-architecture-mmw/ros2_ws/install/bump_n_go_pkg' for CMake config files
[7.261s] Level 1:colcon.colcon_core.environment:checking '/home/ubuntu/lab-2-robot-control-architecture-mmw/ros2_ws/install/bump_n_go_pkg/lib'
[7.262s] Level 1:colcon.colcon_core.environment:checking '/home/ubuntu/lab-2-robot-control-architecture-mmw/ros2_ws/install/bump_n_go_pkg/bin'
[7.263s] Level 1:colcon.colcon_core.environment:checking '/home/ubuntu/lab-2-robot-control-architecture-mmw/ros2_ws/install/bump_n_go_pkg/lib/pkgconfig/bump_n_go_pkg.pc'
[7.264s] Level 1:colcon.colcon_core.environment:checking '/home/ubuntu/lab-2-robot-control-architecture-mmw/ros2_ws/install/bump_n_go_pkg/lib/python3.10/site-packages'
[7.264s] Level 1:colcon.colcon_core.shell:create_environment_hook('bump_n_go_pkg', 'pythonpath')
[7.269s] INFO:colcon.colcon_core.shell:Creating environment hook '/home/ubuntu/lab-2-robot-control-architecture-mmw/ros2_ws/install/bump_n_go_pkg/share/bump_n_go_pkg/hook/pythonpath.ps1'
[7.272s] INFO:colcon.colcon_core.shell:Creating environment descriptor '/home/ubuntu/lab-2-robot-control-architecture-mmw/ros2_ws/install/bump_n_go_pkg/share/bump_n_go_pkg/hook/pythonpath.dsv'
[7.273s] INFO:colcon.colcon_core.shell:Creating environment hook '/home/ubuntu/lab-2-robot-control-architecture-mmw/ros2_ws/install/bump_n_go_pkg/share/bump_n_go_pkg/hook/pythonpath.sh'
[7.277s] Level 1:colcon.colcon_core.environment:checking '/home/ubuntu/lab-2-robot-control-architecture-mmw/ros2_ws/install/bump_n_go_pkg/bin'
[7.278s] Level 1:colcon.colcon_core.environment:create_environment_scripts_only(bump_n_go_pkg)
[7.283s] INFO:colcon.colcon_core.shell:Creating package script '/home/ubuntu/lab-2-robot-control-architecture-mmw/ros2_ws/install/bump_n_go_pkg/share/bump_n_go_pkg/package.ps1'
[7.288s] INFO:colcon.colcon_core.shell:Creating package descriptor '/home/ubuntu/lab-2-robot-control-architecture-mmw/ros2_ws/install/bump_n_go_pkg/share/bump_n_go_pkg/package.dsv'
[7.293s] INFO:colcon.colcon_core.shell:Creating package script '/home/ubuntu/lab-2-robot-control-architecture-mmw/ros2_ws/install/bump_n_go_pkg/share/bump_n_go_pkg/package.sh'
[7.296s] INFO:colcon.colcon_core.shell:Creating package script '/home/ubuntu/lab-2-robot-control-architecture-mmw/ros2_ws/install/bump_n_go_pkg/share/bump_n_go_pkg/package.bash'
[7.300s] INFO:colcon.colcon_core.shell:Creating package script '/home/ubuntu/lab-2-robot-control-architecture-mmw/ros2_ws/install/bump_n_go_pkg/share/bump_n_go_pkg/package.zsh'
[7.303s] Level 1:colcon.colcon_core.environment:create_file_with_runtime_dependencies(/home/ubuntu/lab-2-robot-control-architecture-mmw/ros2_ws/install/bump_n_go_pkg/share/colcon-core/packages/bump_n_go_pkg)
[7.305s] DEBUG:colcon.colcon_parallel_executor.executor.parallel:closing loop
[7.306s] DEBUG:colcon.colcon_parallel_executor.executor.parallel:loop closed
[7.307s] DEBUG:colcon.colcon_parallel_executor.executor.parallel:run_until_complete finished with '0'
[7.308s] DEBUG:colcon.colcon_core.event_reactor:joining thread
[7.333s] INFO:colcon.colcon_core.plugin_system:Skipping extension 'colcon_notification.desktop_notification.notify_send': Could not find 'notify-send'
[7.334s] INFO:colcon.colcon_core.plugin_system:Skipping extension 'colcon_notification.desktop_notification.terminal_notifier': Not used on non-Darwin systems
[7.334s] INFO:colcon.colcon_core.plugin_system:Skipping extension 'colcon_notification.desktop_notification.win32': Not used on non-Windows systems
[7.335s] INFO:colcon.colcon_notification.desktop_notification:Sending desktop notification using 'notify2'
[7.338s] DEBUG:colcon.colcon_notification.desktop_notification.notify2:Failed to initialize notify2: org.freedesktop.DBus.Error.ServiceUnknown: The name org.freedesktop.Notifications was not provided by any .service files
[7.338s] DEBUG:colcon.colcon_core.event_reactor:joined thread
[7.344s] INFO:colcon.colcon_core.shell:Creating prefix script '/home/ubuntu/lab-2-robot-control-architecture-mmw/ros2_ws/install/local_setup.ps1'
[7.348s] INFO:colcon.colcon_core.shell:Creating prefix util module '/home/ubuntu/lab-2-robot-control-architecture-mmw/ros2_ws/install/_local_setup_util_ps1.py'
[7.354s] INFO:colcon.colcon_core.shell:Creating prefix chain script '/home/ubuntu/lab-2-robot-control-architecture-mmw/ros2_ws/install/setup.ps1'
[7.361s] INFO:colcon.colcon_core.shell:Creating prefix script '/home/ubuntu/lab-2-robot-control-architecture-mmw/ros2_ws/install/local_setup.sh'
[7.364s] INFO:colcon.colcon_core.shell:Creating prefix util module '/home/ubuntu/lab-2-robot-control-architecture-mmw/ros2_ws/install/_local_setup_util_sh.py'
[7.366s] INFO:colcon.colcon_core.shell:Creating prefix chain script '/home/ubuntu/lab-2-robot-control-architecture-mmw/ros2_ws/install/setup.sh'
[7.372s] INFO:colcon.colcon_core.shell:Creating prefix script '/home/ubuntu/lab-2-robot-control-architecture-mmw/ros2_ws/install/local_setup.bash'
[7.377s] INFO:colcon.colcon_core.shell:Creating prefix chain script '/home/ubuntu/lab-2-robot-control-architecture-mmw/ros2_ws/install/setup.bash'
[7.383s] INFO:colcon.colcon_core.shell:Creating prefix script '/home/ubuntu/lab-2-robot-control-architecture-mmw/ros2_ws/install/local_setup.zsh'
[7.386s] INFO:colcon.colcon_core.shell:Creating prefix chain script '/home/ubuntu/lab-2-robot-control-architecture-mmw/ros2_ws/install/setup.zsh'
