[5.648s] Invoking command in '/home/ubuntu/lab-3-robot-control-architecture-ii-tortoise-hare/ros2_ws/src/robot_control_architecture_pkg': PYTHONPATH=/home/ubuntu/lab-3-robot-control-architecture-ii-tortoise-hare/ros2_ws/build/robot_control_architecture_pkg/prefix_override:/usr/lib/python3/dist-packages/colcon_core/task/python/colcon_distutils_commands:/home/ubuntu/lab-3-robot-control-architecture-ii-tortoise-hare/ros2_ws/install/robot_control_architecture_pkg/lib/python3.10/site-packages:${PYTHONPATH} /usr/bin/python3 -W ignore:setup.py install is deprecated setup.py egg_info --egg-base ../../build/robot_control_architecture_pkg build --build-base /home/ubuntu/lab-3-robot-control-architecture-ii-tortoise-hare/ros2_ws/build/robot_control_architecture_pkg/build install --record /home/ubuntu/lab-3-robot-control-architecture-ii-tortoise-hare/ros2_ws/build/robot_control_architecture_pkg/install.log --single-version-externally-managed install_data
[7.199s] running egg_info
[7.199s] creating ../../build/robot_control_architecture_pkg/robot_control_architecture_pkg.egg-info
[7.202s] writing ../../build/robot_control_architecture_pkg/robot_control_architecture_pkg.egg-info/PKG-INFO
[7.212s] writing dependency_links to ../../build/robot_control_architecture_pkg/robot_control_architecture_pkg.egg-info/dependency_links.txt
[7.213s] writing entry points to ../../build/robot_control_architecture_pkg/robot_control_architecture_pkg.egg-info/entry_points.txt
[7.214s] writing requirements to ../../build/robot_control_architecture_pkg/robot_control_architecture_pkg.egg-info/requires.txt
[7.218s] writing top-level names to ../../build/robot_control_architecture_pkg/robot_control_architecture_pkg.egg-info/top_level.txt
[7.219s] writing manifest file '../../build/robot_control_architecture_pkg/robot_control_architecture_pkg.egg-info/SOURCES.txt'
[7.227s] reading manifest file '../../build/robot_control_architecture_pkg/robot_control_architecture_pkg.egg-info/SOURCES.txt'
[7.230s] adding license file 'LICENSE'
[7.235s] writing manifest file '../../build/robot_control_architecture_pkg/robot_control_architecture_pkg.egg-info/SOURCES.txt'
[7.237s] running build
[7.238s] running build_py
[7.240s] creating /home/ubuntu/lab-3-robot-control-architecture-ii-tortoise-hare/ros2_ws/build/robot_control_architecture_pkg/build
[7.243s] creating /home/ubuntu/lab-3-robot-control-architecture-ii-tortoise-hare/ros2_ws/build/robot_control_architecture_pkg/build/lib
[7.247s] creating /home/ubuntu/lab-3-robot-control-architecture-ii-tortoise-hare/ros2_ws/build/robot_control_architecture_pkg/build/lib/robot_control_architecture_pkg
[7.250s] copying robot_control_architecture_pkg/robot_control_architecture_node.py -> /home/ubuntu/lab-3-robot-control-architecture-ii-tortoise-hare/ros2_ws/build/robot_control_architecture_pkg/build/lib/robot_control_architecture_pkg
[7.255s] copying robot_control_architecture_pkg/__init__.py -> /home/ubuntu/lab-3-robot-control-architecture-ii-tortoise-hare/ros2_ws/build/robot_control_architecture_pkg/build/lib/robot_control_architecture_pkg
[7.258s] running install
[7.263s] running install_lib
[7.268s] creating /home/ubuntu/lab-3-robot-control-architecture-ii-tortoise-hare/ros2_ws/install/robot_control_architecture_pkg/lib/python3.10/site-packages/robot_control_architecture_pkg
[7.269s] copying /home/ubuntu/lab-3-robot-control-architecture-ii-tortoise-hare/ros2_ws/build/robot_control_architecture_pkg/build/lib/robot_control_architecture_pkg/robot_control_architecture_node.py -> /home/ubuntu/lab-3-robot-control-architecture-ii-tortoise-hare/ros2_ws/install/robot_control_architecture_pkg/lib/python3.10/site-packages/robot_control_architecture_pkg
[7.270s] copying /home/ubuntu/lab-3-robot-control-architecture-ii-tortoise-hare/ros2_ws/build/robot_control_architecture_pkg/build/lib/robot_control_architecture_pkg/__init__.py -> /home/ubuntu/lab-3-robot-control-architecture-ii-tortoise-hare/ros2_ws/install/robot_control_architecture_pkg/lib/python3.10/site-packages/robot_control_architecture_pkg
[7.274s] byte-compiling /home/ubuntu/lab-3-robot-control-architecture-ii-tortoise-hare/ros2_ws/install/robot_control_architecture_pkg/lib/python3.10/site-packages/robot_control_architecture_pkg/robot_control_architecture_node.py to robot_control_architecture_node.cpython-310.pyc
[7.277s] byte-compiling /home/ubuntu/lab-3-robot-control-architecture-ii-tortoise-hare/ros2_ws/install/robot_control_architecture_pkg/lib/python3.10/site-packages/robot_control_architecture_pkg/__init__.py to __init__.cpython-310.pyc
[7.279s] running install_data
[7.281s] creating /home/ubuntu/lab-3-robot-control-architecture-ii-tortoise-hare/ros2_ws/install/robot_control_architecture_pkg/share/ament_index
[7.282s] creating /home/ubuntu/lab-3-robot-control-architecture-ii-tortoise-hare/ros2_ws/install/robot_control_architecture_pkg/share/ament_index/resource_index
[7.283s] creating /home/ubuntu/lab-3-robot-control-architecture-ii-tortoise-hare/ros2_ws/install/robot_control_architecture_pkg/share/ament_index/resource_index/packages
[7.283s] copying resource/robot_control_architecture_pkg -> /home/ubuntu/lab-3-robot-control-architecture-ii-tortoise-hare/ros2_ws/install/robot_control_architecture_pkg/share/ament_index/resource_index/packages
[7.289s] copying package.xml -> /home/ubuntu/lab-3-robot-control-architecture-ii-tortoise-hare/ros2_ws/install/robot_control_architecture_pkg/share/robot_control_architecture_pkg
[7.300s] running install_egg_info
[7.313s] Copying ../../build/robot_control_architecture_pkg/robot_control_architecture_pkg.egg-info to /home/ubuntu/lab-3-robot-control-architecture-ii-tortoise-hare/ros2_ws/install/robot_control_architecture_pkg/lib/python3.10/site-packages/robot_control_architecture_pkg-0.0.0-py3.10.egg-info
[7.330s] running install_scripts
[7.495s] Installing robot_control_architecture_node script to /home/ubuntu/lab-3-robot-control-architecture-ii-tortoise-hare/ros2_ws/install/robot_control_architecture_pkg/lib/robot_control_architecture_pkg
[7.497s] writing list of installed files to '/home/ubuntu/lab-3-robot-control-architecture-ii-tortoise-hare/ros2_ws/build/robot_control_architecture_pkg/install.log'
[7.663s] Invoked command in '/home/ubuntu/lab-3-robot-control-architecture-ii-tortoise-hare/ros2_ws/src/robot_control_architecture_pkg' returned '0': PYTHONPATH=/home/ubuntu/lab-3-robot-control-architecture-ii-tortoise-hare/ros2_ws/build/robot_control_architecture_pkg/prefix_override:/usr/lib/python3/dist-packages/colcon_core/task/python/colcon_distutils_commands:/home/ubuntu/lab-3-robot-control-architecture-ii-tortoise-hare/ros2_ws/install/robot_control_architecture_pkg/lib/python3.10/site-packages:${PYTHONPATH} /usr/bin/python3 -W ignore:setup.py install is deprecated setup.py egg_info --egg-base ../../build/robot_control_architecture_pkg build --build-base /home/ubuntu/lab-3-robot-control-architecture-ii-tortoise-hare/ros2_ws/build/robot_control_architecture_pkg/build install --record /home/ubuntu/lab-3-robot-control-architecture-ii-tortoise-hare/ros2_ws/build/robot_control_architecture_pkg/install.log --single-version-externally-managed install_data
