running egg_info
writing ../../build/bump_n_go_pkg/bump_n_go_pkg.egg-info/PKG-INFO
writing dependency_links to ../../build/bump_n_go_pkg/bump_n_go_pkg.egg-info/dependency_links.txt
writing entry points to ../../build/bump_n_go_pkg/bump_n_go_pkg.egg-info/entry_points.txt
writing requirements to ../../build/bump_n_go_pkg/bump_n_go_pkg.egg-info/requires.txt
writing top-level names to ../../build/bump_n_go_pkg/bump_n_go_pkg.egg-info/top_level.txt
reading manifest file '../../build/bump_n_go_pkg/bump_n_go_pkg.egg-info/SOURCES.txt'
adding license file 'LICENSE'
writing manifest file '../../build/bump_n_go_pkg/bump_n_go_pkg.egg-info/SOURCES.txt'
running build
running build_py
running install
running install_lib
running install_data
creating /home/ubuntu/lab-2-robot-control-architecture-mmw/ros2_ws/install/bump_n_go_pkg/share/bump_n_go_pkg/launch
copying launch/bump_n_go_launch.py -> /home/ubuntu/lab-2-robot-control-architecture-mmw/ros2_ws/install/bump_n_go_pkg/share/bump_n_go_pkg/launch
running install_egg_info
removing '/home/ubuntu/lab-2-robot-control-architecture-mmw/ros2_ws/install/bump_n_go_pkg/lib/python3.10/site-packages/bump_n_go_pkg-0.0.0-py3.10.egg-info' (and everything under it)
Copying ../../build/bump_n_go_pkg/bump_n_go_pkg.egg-info to /home/ubuntu/lab-2-robot-control-architecture-mmw/ros2_ws/install/bump_n_go_pkg/lib/python3.10/site-packages/bump_n_go_pkg-0.0.0-py3.10.egg-info
running install_scripts
Installing bump_n_go_node script to /home/ubuntu/lab-2-robot-control-architecture-mmw/ros2_ws/install/bump_n_go_pkg/lib/bump_n_go_pkg
writing list of installed files to '/home/ubuntu/lab-2-robot-control-architecture-mmw/ros2_ws/build/bump_n_go_pkg/install.log'
