[3.463s] Invoking command in '/home/ubuntu/lab-2-robot-control-architecture-mmw/ros2_ws/src/bump_n_go_pkg': PYTHONPATH=/home/ubuntu/lab-2-robot-control-architecture-mmw/ros2_ws/build/bump_n_go_pkg/prefix_override:/home/ubuntu/lab-2-robot-control-architecture-mmw/ros2_ws/install/bump_n_go_pkg/lib/python3.10/site-packages:${PYTHONPATH} /usr/bin/python3 setup.py egg_info --egg-base ../../build/bump_n_go_pkg build --build-base /home/ubuntu/lab-2-robot-control-architecture-mmw/ros2_ws/build/bump_n_go_pkg/build install --record /home/ubuntu/lab-2-robot-control-architecture-mmw/ros2_ws/build/bump_n_go_pkg/install.log --single-version-externally-managed
[4.755s] running egg_info
[4.758s] writing ../../build/bump_n_go_pkg/bump_n_go_pkg.egg-info/PKG-INFO
[4.759s] writing dependency_links to ../../build/bump_n_go_pkg/bump_n_go_pkg.egg-info/dependency_links.txt
[4.760s] writing entry points to ../../build/bump_n_go_pkg/bump_n_go_pkg.egg-info/entry_points.txt
[4.762s] writing requirements to ../../build/bump_n_go_pkg/bump_n_go_pkg.egg-info/requires.txt
[4.763s] writing top-level names to ../../build/bump_n_go_pkg/bump_n_go_pkg.egg-info/top_level.txt
[4.772s] reading manifest file '../../build/bump_n_go_pkg/bump_n_go_pkg.egg-info/SOURCES.txt'
[4.773s] adding license file 'LICENSE'
[4.778s] writing manifest file '../../build/bump_n_go_pkg/bump_n_go_pkg.egg-info/SOURCES.txt'
[4.779s] running build
[4.781s] running build_py
[4.785s] copying bump_n_go_pkg/bump_n_go_node.py -> /home/ubuntu/lab-2-robot-control-architecture-mmw/ros2_ws/build/bump_n_go_pkg/build/lib/bump_n_go_pkg
[4.785s] running install
[4.786s] running install_lib
[4.788s] copying /home/ubuntu/lab-2-robot-control-architecture-mmw/ros2_ws/build/bump_n_go_pkg/build/lib/bump_n_go_pkg/bump_n_go_node.py -> /home/ubuntu/lab-2-robot-control-architecture-mmw/ros2_ws/install/bump_n_go_pkg/lib/python3.10/site-packages/bump_n_go_pkg
[4.791s] byte-compiling /home/ubuntu/lab-2-robot-control-architecture-mmw/ros2_ws/install/bump_n_go_pkg/lib/python3.10/site-packages/bump_n_go_pkg/bump_n_go_node.py to bump_n_go_node.cpython-310.pyc
[4.796s] running install_data
[4.799s] running install_egg_info
[4.807s] removing '/home/ubuntu/lab-2-robot-control-architecture-mmw/ros2_ws/install/bump_n_go_pkg/lib/python3.10/site-packages/bump_n_go_pkg-0.0.0-py3.10.egg-info' (and everything under it)
[4.812s] Copying ../../build/bump_n_go_pkg/bump_n_go_pkg.egg-info to /home/ubuntu/lab-2-robot-control-architecture-mmw/ros2_ws/install/bump_n_go_pkg/lib/python3.10/site-packages/bump_n_go_pkg-0.0.0-py3.10.egg-info
[4.823s] running install_scripts
[4.900s] Installing bump_n_go_node script to /home/ubuntu/lab-2-robot-control-architecture-mmw/ros2_ws/install/bump_n_go_pkg/lib/bump_n_go_pkg
[4.908s] writing list of installed files to '/home/ubuntu/lab-2-robot-control-architecture-mmw/ros2_ws/build/bump_n_go_pkg/install.log'
[5.056s] Invoked command in '/home/ubuntu/lab-2-robot-control-architecture-mmw/ros2_ws/src/bump_n_go_pkg' returned '0': PYTHONPATH=/home/ubuntu/lab-2-robot-control-architecture-mmw/ros2_ws/build/bump_n_go_pkg/prefix_override:/home/ubuntu/lab-2-robot-control-architecture-mmw/ros2_ws/install/bump_n_go_pkg/lib/python3.10/site-packages:${PYTHONPATH} /usr/bin/python3 setup.py egg_info --egg-base ../../build/bump_n_go_pkg build --build-base /home/ubuntu/lab-2-robot-control-architecture-mmw/ros2_ws/build/bump_n_go_pkg/build install --record /home/ubuntu/lab-2-robot-control-architecture-mmw/ros2_ws/build/bump_n_go_pkg/install.log --single-version-externally-managed
