[0.535s] DEBUG:colcon:Command line arguments: ['/usr/bin/colcon', 'build']
[0.535s] DEBUG:colcon:Parsed command line arguments: Namespace(log_base=None, log_level=None, verb_name='build', build_base='build', install_base='install', merge_install=False, symlink_install=False, test_result_base=None, continue_on_error=False, executor='parallel', parallel_workers=4, event_handlers=None, ignore_user_meta=False, metas=['./colcon.meta'], base_paths=['.'], packages_ignore=None, packages_ignore_regex=None, paths=None, packages_up_to=None, packages_up_to_regex=None, packages_above=None, packages_above_and_dependencies=None, packages_above_depth=None, packages_select_by_dep=None, packages_skip_by_dep=None, packages_skip_up_to=None, packages_select_build_failed=False, packages_skip_build_finished=False, packages_select_test_failures=False, packages_skip_test_passed=False, packages_select=None, packages_skip=None, packages_select_regex=None, packages_skip_regex=None, packages_start=None, packages_end=None, allow_overriding=[], cmake_args=None, cmake_target=None, cmake_target_skip_unavailable=False, cmake_clean_cache=False, cmake_clean_first=False, cmake_force_configure=False, ament_cmake_args=None, catkin_cmake_args=None, catkin_skip_building_tests=False, mixin_files=None, mixin=None, verb_parser=<colcon_mixin.mixin.mixin_argument.MixinArgumentDecorator object at 0xffffb4f519f0>, verb_extension=<colcon_core.verb.build.BuildVerb object at 0xffffb511e020>, main=<bound method BuildVerb.main of <colcon_core.verb.build.BuildVerb object at 0xffffb511e020>>, mixin_verb=('build',))
[1.566s] Level 1:colcon.colcon_core.package_discovery:discover_packages(colcon_meta) check parameters
[1.566s] Level 1:colcon.colcon_core.package_discovery:discover_packages(recursive) check parameters
[1.567s] Level 1:colcon.colcon_core.package_discovery:discover_packages(ignore) check parameters
[1.567s] Level 1:colcon.colcon_core.package_discovery:discover_packages(path) check parameters
[1.567s] Level 1:colcon.colcon_core.package_discovery:discover_packages(colcon_meta) discover
[1.567s] Level 1:colcon.colcon_core.package_discovery:discover_packages(recursive) discover
[1.568s] INFO:colcon.colcon_core.package_discovery:Crawling recursively for packages in '/home/ubuntu/pong-soccer/ros2_ws'
[1.568s] Level 1:colcon.colcon_core.package_identification:_identify(.) by extensions ['ignore', 'ignore_ament_install']
[1.569s] Level 1:colcon.colcon_core.package_identification:_identify(.) by extension 'ignore'
[1.569s] Level 1:colcon.colcon_core.package_identification:_identify(.) by extension 'ignore_ament_install'
[1.569s] Level 1:colcon.colcon_core.package_identification:_identify(.) by extensions ['colcon_pkg']
[1.569s] Level 1:colcon.colcon_core.package_identification:_identify(.) by extension 'colcon_pkg'
[1.570s] Level 1:colcon.colcon_core.package_identification:_identify(.) by extensions ['colcon_meta']
[1.570s] Level 1:colcon.colcon_core.package_identification:_identify(.) by extension 'colcon_meta'
[1.570s] Level 1:colcon.colcon_core.package_identification:_identify(.) by extensions ['ros']
[1.570s] Level 1:colcon.colcon_core.package_identification:_identify(.) by extension 'ros'
[1.623s] Level 1:colcon.colcon_core.package_identification:_identify(.) by extensions ['cmake', 'python']
[1.623s] Level 1:colcon.colcon_core.package_identification:_identify(.) by extension 'cmake'
[1.623s] Level 1:colcon.colcon_core.package_identification:_identify(.) by extension 'python'
[1.624s] Level 1:colcon.colcon_core.package_identification:_identify(.) by extensions ['python_setup_py']
[1.624s] Level 1:colcon.colcon_core.package_identification:_identify(.) by extension 'python_setup_py'
[1.624s] Level 1:colcon.colcon_core.package_identification:_identify(build) by extensions ['ignore', 'ignore_ament_install']
[1.625s] Level 1:colcon.colcon_core.package_identification:_identify(build) by extension 'ignore'
[1.625s] Level 1:colcon.colcon_core.package_identification:_identify(build) ignored
[1.626s] Level 1:colcon.colcon_core.package_identification:_identify(install) by extensions ['ignore', 'ignore_ament_install']
[1.626s] Level 1:colcon.colcon_core.package_identification:_identify(install) by extension 'ignore'
[1.626s] Level 1:colcon.colcon_core.package_identification:_identify(install) ignored
[1.627s] Level 1:colcon.colcon_core.package_identification:_identify(log) by extensions ['ignore', 'ignore_ament_install']
[1.628s] Level 1:colcon.colcon_core.package_identification:_identify(log) by extension 'ignore'
[1.628s] Level 1:colcon.colcon_core.package_identification:_identify(log) ignored
[1.628s] Level 1:colcon.colcon_core.package_identification:_identify(src) by extensions ['ignore', 'ignore_ament_install']
[1.629s] Level 1:colcon.colcon_core.package_identification:_identify(src) by extension 'ignore'
[1.629s] Level 1:colcon.colcon_core.package_identification:_identify(src) by extension 'ignore_ament_install'
[1.630s] Level 1:colcon.colcon_core.package_identification:_identify(src) by extensions ['colcon_pkg']
[1.630s] Level 1:colcon.colcon_core.package_identification:_identify(src) by extension 'colcon_pkg'
[1.630s] Level 1:colcon.colcon_core.package_identification:_identify(src) by extensions ['colcon_meta']
[1.630s] Level 1:colcon.colcon_core.package_identification:_identify(src) by extension 'colcon_meta'
[1.630s] Level 1:colcon.colcon_core.package_identification:_identify(src) by extensions ['ros']
[1.630s] Level 1:colcon.colcon_core.package_identification:_identify(src) by extension 'ros'
[1.631s] Level 1:colcon.colcon_core.package_identification:_identify(src) by extensions ['cmake', 'python']
[1.631s] Level 1:colcon.colcon_core.package_identification:_identify(src) by extension 'cmake'
[1.631s] Level 1:colcon.colcon_core.package_identification:_identify(src) by extension 'python'
[1.631s] Level 1:colcon.colcon_core.package_identification:_identify(src) by extensions ['python_setup_py']
[1.632s] Level 1:colcon.colcon_core.package_identification:_identify(src) by extension 'python_setup_py'
[1.632s] Level 1:colcon.colcon_core.package_identification:_identify(src/build) by extensions ['ignore', 'ignore_ament_install']
[1.633s] Level 1:colcon.colcon_core.package_identification:_identify(src/build) by extension 'ignore'
[1.633s] Level 1:colcon.colcon_core.package_identification:_identify(src/build) ignored
[1.634s] Level 1:colcon.colcon_core.package_identification:_identify(src/install) by extensions ['ignore', 'ignore_ament_install']
[1.634s] Level 1:colcon.colcon_core.package_identification:_identify(src/install) by extension 'ignore'
[1.634s] Level 1:colcon.colcon_core.package_identification:_identify(src/install) ignored
[1.635s] Level 1:colcon.colcon_core.package_identification:_identify(src/pong_soccer_pkg) by extensions ['ignore', 'ignore_ament_install']
[1.635s] Level 1:colcon.colcon_core.package_identification:_identify(src/pong_soccer_pkg) by extension 'ignore'
[1.635s] Level 1:colcon.colcon_core.package_identification:_identify(src/pong_soccer_pkg) by extension 'ignore_ament_install'
[1.636s] Level 1:colcon.colcon_core.package_identification:_identify(src/pong_soccer_pkg) by extensions ['colcon_pkg']
[1.636s] Level 1:colcon.colcon_core.package_identification:_identify(src/pong_soccer_pkg) by extension 'colcon_pkg'
[1.636s] Level 1:colcon.colcon_core.package_identification:_identify(src/pong_soccer_pkg) by extensions ['colcon_meta']
[1.636s] Level 1:colcon.colcon_core.package_identification:_identify(src/pong_soccer_pkg) by extension 'colcon_meta'
[1.636s] Level 1:colcon.colcon_core.package_identification:_identify(src/pong_soccer_pkg) by extensions ['ros']
[1.636s] Level 1:colcon.colcon_core.package_identification:_identify(src/pong_soccer_pkg) by extension 'ros'
[1.646s] DEBUG:colcon.colcon_core.package_identification:Package 'src/pong_soccer_pkg' with type 'ros.ament_python' and name 'pong_soccer_pkg'
[1.647s] Level 1:colcon.colcon_core.package_identification:_identify(src/robot_control_architecture_pkg) by extensions ['ignore', 'ignore_ament_install']
[1.648s] Level 1:colcon.colcon_core.package_identification:_identify(src/robot_control_architecture_pkg) by extension 'ignore'
[1.648s] Level 1:colcon.colcon_core.package_identification:_identify(src/robot_control_architecture_pkg) by extension 'ignore_ament_install'
[1.648s] Level 1:colcon.colcon_core.package_identification:_identify(src/robot_control_architecture_pkg) by extensions ['colcon_pkg']
[1.648s] Level 1:colcon.colcon_core.package_identification:_identify(src/robot_control_architecture_pkg) by extension 'colcon_pkg'
[1.649s] Level 1:colcon.colcon_core.package_identification:_identify(src/robot_control_architecture_pkg) by extensions ['colcon_meta']
[1.649s] Level 1:colcon.colcon_core.package_identification:_identify(src/robot_control_architecture_pkg) by extension 'colcon_meta'
[1.649s] Level 1:colcon.colcon_core.package_identification:_identify(src/robot_control_architecture_pkg) by extensions ['ros']
[1.649s] Level 1:colcon.colcon_core.package_identification:_identify(src/robot_control_architecture_pkg) by extension 'ros'
[1.689s] DEBUG:colcon.colcon_core.package_identification:Package 'src/robot_control_architecture_pkg' with type 'ros.ament_python' and name 'robot_control_architecture_pkg'
[1.689s] Level 1:colcon.colcon_core.package_discovery:discover_packages(recursive) using defaults
[1.690s] Level 1:colcon.colcon_core.package_discovery:discover_packages(ignore) discover
[1.690s] Level 1:colcon.colcon_core.package_discovery:discover_packages(ignore) using defaults
[1.690s] Level 1:colcon.colcon_core.package_discovery:discover_packages(path) discover
[1.690s] Level 1:colcon.colcon_core.package_discovery:discover_packages(path) using defaults
[1.779s] Level 1:colcon.colcon_core.package_discovery:discover_packages(prefix_path) check parameters
[1.779s] Level 1:colcon.colcon_core.package_discovery:discover_packages(prefix_path) discover
[1.791s] DEBUG:colcon.colcon_installed_package_information.package_discovery:Found 5 installed packages in /home/ubuntu/pong-soccer/ros2_ws/install
[1.802s] DEBUG:colcon.colcon_installed_package_information.package_discovery:Found 332 installed packages in /opt/ros/humble
[1.810s] Level 1:colcon.colcon_core.package_discovery:discover_packages(prefix_path) using defaults
[2.014s] Level 5:colcon.colcon_core.verb:set package 'pong_soccer_pkg' build argument 'cmake_args' from command line to 'None'
[2.015s] Level 5:colcon.colcon_core.verb:set package 'pong_soccer_pkg' build argument 'cmake_target' from command line to 'None'
[2.015s] Level 5:colcon.colcon_core.verb:set package 'pong_soccer_pkg' build argument 'cmake_target_skip_unavailable' from command line to 'False'
[2.015s] Level 5:colcon.colcon_core.verb:set package 'pong_soccer_pkg' build argument 'cmake_clean_cache' from command line to 'False'
[2.015s] Level 5:colcon.colcon_core.verb:set package 'pong_soccer_pkg' build argument 'cmake_clean_first' from command line to 'False'
[2.015s] Level 5:colcon.colcon_core.verb:set package 'pong_soccer_pkg' build argument 'cmake_force_configure' from command line to 'False'
[2.015s] Level 5:colcon.colcon_core.verb:set package 'pong_soccer_pkg' build argument 'ament_cmake_args' from command line to 'None'
[2.016s] Level 5:colcon.colcon_core.verb:set package 'pong_soccer_pkg' build argument 'catkin_cmake_args' from command line to 'None'
[2.016s] Level 5:colcon.colcon_core.verb:set package 'pong_soccer_pkg' build argument 'catkin_skip_building_tests' from command line to 'False'
[2.016s] DEBUG:colcon.colcon_core.verb:Building package 'pong_soccer_pkg' with the following arguments: {'ament_cmake_args': None, 'build_base': '/home/ubuntu/pong-soccer/ros2_ws/build/pong_soccer_pkg', 'catkin_cmake_args': None, 'catkin_skip_building_tests': False, 'cmake_args': None, 'cmake_clean_cache': False, 'cmake_clean_first': False, 'cmake_force_configure': False, 'cmake_target': None, 'cmake_target_skip_unavailable': False, 'install_base': '/home/ubuntu/pong-soccer/ros2_ws/install/pong_soccer_pkg', 'merge_install': False, 'path': '/home/ubuntu/pong-soccer/ros2_ws/src/pong_soccer_pkg', 'symlink_install': False, 'test_result_base': None}
[2.018s] Level 5:colcon.colcon_core.verb:set package 'robot_control_architecture_pkg' build argument 'cmake_args' from command line to 'None'
[2.018s] Level 5:colcon.colcon_core.verb:set package 'robot_control_architecture_pkg' build argument 'cmake_target' from command line to 'None'
[2.018s] Level 5:colcon.colcon_core.verb:set package 'robot_control_architecture_pkg' build argument 'cmake_target_skip_unavailable' from command line to 'False'
[2.018s] Level 5:colcon.colcon_core.verb:set package 'robot_control_architecture_pkg' build argument 'cmake_clean_cache' from command line to 'False'
[2.018s] Level 5:colcon.colcon_core.verb:set package 'robot_control_architecture_pkg' build argument 'cmake_clean_first' from command line to 'False'
[2.018s] Level 5:colcon.colcon_core.verb:set package 'robot_control_architecture_pkg' build argument 'cmake_force_configure' from command line to 'False'
[2.019s] Level 5:colcon.colcon_core.verb:set package 'robot_control_architecture_pkg' build argument 'ament_cmake_args' from command line to 'None'
[2.019s] Level 5:colcon.colcon_core.verb:set package 'robot_control_architecture_pkg' build argument 'catkin_cmake_args' from command line to 'None'
[2.019s] Level 5:colcon.colcon_core.verb:set package 'robot_control_architecture_pkg' build argument 'catkin_skip_building_tests' from command line to 'False'
[2.019s] DEBUG:colcon.colcon_core.verb:Building package 'robot_control_architecture_pkg' with the following arguments: {'ament_cmake_args': None, 'build_base': '/home/ubuntu/pong-soccer/ros2_ws/build/robot_control_architecture_pkg', 'catkin_cmake_args': None, 'catkin_skip_building_tests': False, 'cmake_args': None, 'cmake_clean_cache': False, 'cmake_clean_first': False, 'cmake_force_configure': False, 'cmake_target': None, 'cmake_target_skip_unavailable': False, 'install_base': '/home/ubuntu/pong-soccer/ros2_ws/install/robot_control_architecture_pkg', 'merge_install': False, 'path': '/home/ubuntu/pong-soccer/ros2_ws/src/robot_control_architecture_pkg', 'symlink_install': False, 'test_result_base': None}
[2.020s] INFO:colcon.colcon_core.executor:Executing jobs using 'parallel' executor
[2.024s] DEBUG:colcon.colcon_parallel_executor.executor.parallel:run_until_complete
[2.025s] INFO:colcon.colcon_ros.task.ament_python.build:Building ROS package in '/home/ubuntu/pong-soccer/ros2_ws/src/pong_soccer_pkg' with build type 'ament_python'
[2.026s] Level 1:colcon.colcon_core.shell:create_environment_hook('pong_soccer_pkg', 'ament_prefix_path')
[2.040s] INFO:colcon.colcon_core.plugin_system:Skipping extension 'colcon_core.shell.bat': Not used on non-Windows systems
[2.041s] INFO:colcon.colcon_core.shell:Creating environment hook '/home/ubuntu/pong-soccer/ros2_ws/install/pong_soccer_pkg/share/pong_soccer_pkg/hook/ament_prefix_path.ps1'
[2.045s] INFO:colcon.colcon_core.shell:Creating environment descriptor '/home/ubuntu/pong-soccer/ros2_ws/install/pong_soccer_pkg/share/pong_soccer_pkg/hook/ament_prefix_path.dsv'
[2.047s] INFO:colcon.colcon_core.shell:Creating environment hook '/home/ubuntu/pong-soccer/ros2_ws/install/pong_soccer_pkg/share/pong_soccer_pkg/hook/ament_prefix_path.sh'
[2.051s] INFO:colcon.colcon_core.shell:Skip shell extension 'powershell' for command environment: Not usable outside of PowerShell
[2.052s] DEBUG:colcon.colcon_core.shell:Skip shell extension 'dsv' for command environment
[2.074s] INFO:colcon.colcon_ros.task.ament_python.build:Building ROS package in '/home/ubuntu/pong-soccer/ros2_ws/src/robot_control_architecture_pkg' with build type 'ament_python'
[2.075s] Level 1:colcon.colcon_core.shell:create_environment_hook('robot_control_architecture_pkg', 'ament_prefix_path')
[2.076s] INFO:colcon.colcon_core.shell:Creating environment hook '/home/ubuntu/pong-soccer/ros2_ws/install/robot_control_architecture_pkg/share/robot_control_architecture_pkg/hook/ament_prefix_path.ps1'
[2.079s] INFO:colcon.colcon_core.shell:Creating environment descriptor '/home/ubuntu/pong-soccer/ros2_ws/install/robot_control_architecture_pkg/share/robot_control_architecture_pkg/hook/ament_prefix_path.dsv'
[2.082s] INFO:colcon.colcon_core.shell:Creating environment hook '/home/ubuntu/pong-soccer/ros2_ws/install/robot_control_architecture_pkg/share/robot_control_architecture_pkg/hook/ament_prefix_path.sh'
[2.086s] INFO:colcon.colcon_core.shell:Skip shell extension 'powershell' for command environment: Not usable outside of PowerShell
[2.087s] DEBUG:colcon.colcon_core.shell:Skip shell extension 'dsv' for command environment
[3.702s] INFO:colcon.colcon_core.task.python.build:Building Python package in '/home/ubuntu/pong-soccer/ros2_ws/src/pong_soccer_pkg'
[3.703s] INFO:colcon.colcon_core.shell:Skip shell extension 'powershell' for command environment: Not usable outside of PowerShell
[3.703s] DEBUG:colcon.colcon_core.shell:Skip shell extension 'dsv' for command environment
[5.263s] INFO:colcon.colcon_core.task.python.build:Building Python package in '/home/ubuntu/pong-soccer/ros2_ws/src/robot_control_architecture_pkg'
[5.264s] INFO:colcon.colcon_core.shell:Skip shell extension 'powershell' for command environment: Not usable outside of PowerShell
[5.265s] DEBUG:colcon.colcon_core.shell:Skip shell extension 'dsv' for command environment
[7.724s] DEBUG:colcon.colcon_core.event_handler.log_command:Invoking command in '/home/ubuntu/pong-soccer/ros2_ws/src/pong_soccer_pkg': PYTHONPATH=/home/ubuntu/pong-soccer/ros2_ws/build/pong_soccer_pkg/prefix_override:/usr/lib/python3/dist-packages/colcon_core/task/python/colcon_distutils_commands:/home/ubuntu/pong-soccer/ros2_ws/install/pong_soccer_pkg/lib/python3.10/site-packages:${PYTHONPATH} /usr/bin/python3 -W ignore:setup.py install is deprecated setup.py egg_info --egg-base ../../build/pong_soccer_pkg build --build-base /home/ubuntu/pong-soccer/ros2_ws/build/pong_soccer_pkg/build install --record /home/ubuntu/pong-soccer/ros2_ws/build/pong_soccer_pkg/install.log --single-version-externally-managed install_data
[7.765s] DEBUG:colcon.colcon_core.event_handler.log_command:Invoking command in '/home/ubuntu/pong-soccer/ros2_ws/src/robot_control_architecture_pkg': PYTHONPATH=/home/ubuntu/pong-soccer/ros2_ws/build/robot_control_architecture_pkg/prefix_override:/usr/lib/python3/dist-packages/colcon_core/task/python/colcon_distutils_commands:/home/ubuntu/pong-soccer/ros2_ws/install/robot_control_architecture_pkg/lib/python3.10/site-packages:${PYTHONPATH} /usr/bin/python3 -W ignore:setup.py install is deprecated setup.py egg_info --egg-base ../../build/robot_control_architecture_pkg build --build-base /home/ubuntu/pong-soccer/ros2_ws/build/robot_control_architecture_pkg/build install --record /home/ubuntu/pong-soccer/ros2_ws/build/robot_control_architecture_pkg/install.log --single-version-externally-managed install_data
[9.706s] DEBUG:colcon.colcon_core.event_handler.log_command:Invoked command in '/home/ubuntu/pong-soccer/ros2_ws/src/robot_control_architecture_pkg' returned '0': PYTHONPATH=/home/ubuntu/pong-soccer/ros2_ws/build/robot_control_architecture_pkg/prefix_override:/usr/lib/python3/dist-packages/colcon_core/task/python/colcon_distutils_commands:/home/ubuntu/pong-soccer/ros2_ws/install/robot_control_architecture_pkg/lib/python3.10/site-packages:${PYTHONPATH} /usr/bin/python3 -W ignore:setup.py install is deprecated setup.py egg_info --egg-base ../../build/robot_control_architecture_pkg build --build-base /home/ubuntu/pong-soccer/ros2_ws/build/robot_control_architecture_pkg/build install --record /home/ubuntu/pong-soccer/ros2_ws/build/robot_control_architecture_pkg/install.log --single-version-externally-managed install_data
[9.738s] Level 1:colcon.colcon_core.environment:checking '/home/ubuntu/pong-soccer/ros2_ws/install/robot_control_architecture_pkg' for CMake module files
[9.744s] Level 1:colcon.colcon_core.environment:checking '/home/ubuntu/pong-soccer/ros2_ws/install/robot_control_architecture_pkg' for CMake config files
[9.752s] Level 1:colcon.colcon_core.environment:checking '/home/ubuntu/pong-soccer/ros2_ws/install/robot_control_architecture_pkg/lib'
[9.754s] Level 1:colcon.colcon_core.environment:checking '/home/ubuntu/pong-soccer/ros2_ws/install/robot_control_architecture_pkg/bin'
[9.756s] Level 1:colcon.colcon_core.environment:checking '/home/ubuntu/pong-soccer/ros2_ws/install/robot_control_architecture_pkg/lib/pkgconfig/robot_control_architecture_pkg.pc'
[9.758s] Level 1:colcon.colcon_core.environment:checking '/home/ubuntu/pong-soccer/ros2_ws/install/robot_control_architecture_pkg/lib/python3.10/site-packages'
[9.759s] Level 1:colcon.colcon_core.shell:create_environment_hook('robot_control_architecture_pkg', 'pythonpath')
[9.762s] INFO:colcon.colcon_core.shell:Creating environment hook '/home/ubuntu/pong-soccer/ros2_ws/install/robot_control_architecture_pkg/share/robot_control_architecture_pkg/hook/pythonpath.ps1'
[9.768s] INFO:colcon.colcon_core.shell:Creating environment descriptor '/home/ubuntu/pong-soccer/ros2_ws/install/robot_control_architecture_pkg/share/robot_control_architecture_pkg/hook/pythonpath.dsv'
[9.782s] INFO:colcon.colcon_core.shell:Creating environment hook '/home/ubuntu/pong-soccer/ros2_ws/install/robot_control_architecture_pkg/share/robot_control_architecture_pkg/hook/pythonpath.sh'
[9.792s] Level 1:colcon.colcon_core.environment:checking '/home/ubuntu/pong-soccer/ros2_ws/install/robot_control_architecture_pkg/bin'
[9.793s] Level 1:colcon.colcon_core.environment:create_environment_scripts_only(robot_control_architecture_pkg)
[9.795s] INFO:colcon.colcon_core.shell:Creating package script '/home/ubuntu/pong-soccer/ros2_ws/install/robot_control_architecture_pkg/share/robot_control_architecture_pkg/package.ps1'
[9.798s] INFO:colcon.colcon_core.shell:Creating package descriptor '/home/ubuntu/pong-soccer/ros2_ws/install/robot_control_architecture_pkg/share/robot_control_architecture_pkg/package.dsv'
[9.802s] INFO:colcon.colcon_core.shell:Creating package script '/home/ubuntu/pong-soccer/ros2_ws/install/robot_control_architecture_pkg/share/robot_control_architecture_pkg/package.sh'
[9.806s] INFO:colcon.colcon_core.shell:Creating package script '/home/ubuntu/pong-soccer/ros2_ws/install/robot_control_architecture_pkg/share/robot_control_architecture_pkg/package.bash'
[9.811s] INFO:colcon.colcon_core.shell:Creating package script '/home/ubuntu/pong-soccer/ros2_ws/install/robot_control_architecture_pkg/share/robot_control_architecture_pkg/package.zsh'
[9.815s] Level 1:colcon.colcon_core.environment:create_file_with_runtime_dependencies(/home/ubuntu/pong-soccer/ros2_ws/install/robot_control_architecture_pkg/share/colcon-core/packages/robot_control_architecture_pkg)
[9.820s] Level 1:colcon.colcon_core.environment:checking '/home/ubuntu/pong-soccer/ros2_ws/install/pong_soccer_pkg' for CMake module files
[9.824s] DEBUG:colcon.colcon_core.event_handler.log_command:Invoked command in '/home/ubuntu/pong-soccer/ros2_ws/src/pong_soccer_pkg' returned '0': PYTHONPATH=/home/ubuntu/pong-soccer/ros2_ws/build/pong_soccer_pkg/prefix_override:/usr/lib/python3/dist-packages/colcon_core/task/python/colcon_distutils_commands:/home/ubuntu/pong-soccer/ros2_ws/install/pong_soccer_pkg/lib/python3.10/site-packages:${PYTHONPATH} /usr/bin/python3 -W ignore:setup.py install is deprecated setup.py egg_info --egg-base ../../build/pong_soccer_pkg build --build-base /home/ubuntu/pong-soccer/ros2_ws/build/pong_soccer_pkg/build install --record /home/ubuntu/pong-soccer/ros2_ws/build/pong_soccer_pkg/install.log --single-version-externally-managed install_data
[9.825s] Level 1:colcon.colcon_core.environment:checking '/home/ubuntu/pong-soccer/ros2_ws/install/pong_soccer_pkg' for CMake config files
[9.828s] Level 1:colcon.colcon_core.environment:checking '/home/ubuntu/pong-soccer/ros2_ws/install/pong_soccer_pkg/lib'
[9.829s] Level 1:colcon.colcon_core.environment:checking '/home/ubuntu/pong-soccer/ros2_ws/install/pong_soccer_pkg/bin'
[9.829s] Level 1:colcon.colcon_core.environment:checking '/home/ubuntu/pong-soccer/ros2_ws/install/pong_soccer_pkg/lib/pkgconfig/pong_soccer_pkg.pc'
[9.830s] Level 1:colcon.colcon_core.environment:checking '/home/ubuntu/pong-soccer/ros2_ws/install/pong_soccer_pkg/lib/python3.10/site-packages'
[9.831s] Level 1:colcon.colcon_core.shell:create_environment_hook('pong_soccer_pkg', 'pythonpath')
[9.832s] INFO:colcon.colcon_core.shell:Creating environment hook '/home/ubuntu/pong-soccer/ros2_ws/install/pong_soccer_pkg/share/pong_soccer_pkg/hook/pythonpath.ps1'
[9.834s] INFO:colcon.colcon_core.shell:Creating environment descriptor '/home/ubuntu/pong-soccer/ros2_ws/install/pong_soccer_pkg/share/pong_soccer_pkg/hook/pythonpath.dsv'
[9.837s] INFO:colcon.colcon_core.shell:Creating environment hook '/home/ubuntu/pong-soccer/ros2_ws/install/pong_soccer_pkg/share/pong_soccer_pkg/hook/pythonpath.sh'
[9.840s] Level 1:colcon.colcon_core.environment:checking '/home/ubuntu/pong-soccer/ros2_ws/install/pong_soccer_pkg/bin'
[9.840s] Level 1:colcon.colcon_core.environment:create_environment_scripts_only(pong_soccer_pkg)
[9.842s] INFO:colcon.colcon_core.shell:Creating package script '/home/ubuntu/pong-soccer/ros2_ws/install/pong_soccer_pkg/share/pong_soccer_pkg/package.ps1'
[9.844s] INFO:colcon.colcon_core.shell:Creating package descriptor '/home/ubuntu/pong-soccer/ros2_ws/install/pong_soccer_pkg/share/pong_soccer_pkg/package.dsv'
[9.847s] INFO:colcon.colcon_core.shell:Creating package script '/home/ubuntu/pong-soccer/ros2_ws/install/pong_soccer_pkg/share/pong_soccer_pkg/package.sh'
[9.848s] INFO:colcon.colcon_core.shell:Creating package script '/home/ubuntu/pong-soccer/ros2_ws/install/pong_soccer_pkg/share/pong_soccer_pkg/package.bash'
[9.850s] INFO:colcon.colcon_core.shell:Creating package script '/home/ubuntu/pong-soccer/ros2_ws/install/pong_soccer_pkg/share/pong_soccer_pkg/package.zsh'
[9.852s] Level 1:colcon.colcon_core.environment:create_file_with_runtime_dependencies(/home/ubuntu/pong-soccer/ros2_ws/install/pong_soccer_pkg/share/colcon-core/packages/pong_soccer_pkg)
[9.854s] DEBUG:colcon.colcon_parallel_executor.executor.parallel:closing loop
[9.855s] DEBUG:colcon.colcon_parallel_executor.executor.parallel:loop closed
[9.856s] DEBUG:colcon.colcon_parallel_executor.executor.parallel:run_until_complete finished with '0'
[9.856s] DEBUG:colcon.colcon_core.event_reactor:joining thread
[9.885s] INFO:colcon.colcon_core.plugin_system:Skipping extension 'colcon_notification.desktop_notification.notify_send': Could not find 'notify-send'
[9.885s] INFO:colcon.colcon_core.plugin_system:Skipping extension 'colcon_notification.desktop_notification.terminal_notifier': Not used on non-Darwin systems
[9.886s] INFO:colcon.colcon_core.plugin_system:Skipping extension 'colcon_notification.desktop_notification.win32': Not used on non-Windows systems
[9.886s] INFO:colcon.colcon_notification.desktop_notification:Sending desktop notification using 'notify2'
[9.889s] DEBUG:colcon.colcon_notification.desktop_notification.notify2:Failed to initialize notify2: org.freedesktop.DBus.Error.ServiceUnknown: The name org.freedesktop.Notifications was not provided by any .service files
[9.889s] DEBUG:colcon.colcon_core.event_reactor:joined thread
[9.890s] INFO:colcon.colcon_core.shell:Creating prefix script '/home/ubuntu/pong-soccer/ros2_ws/install/local_setup.ps1'
[9.895s] INFO:colcon.colcon_core.shell:Creating prefix util module '/home/ubuntu/pong-soccer/ros2_ws/install/_local_setup_util_ps1.py'
[9.902s] INFO:colcon.colcon_core.shell:Creating prefix chain script '/home/ubuntu/pong-soccer/ros2_ws/install/setup.ps1'
[9.908s] INFO:colcon.colcon_core.shell:Creating prefix script '/home/ubuntu/pong-soccer/ros2_ws/install/local_setup.sh'
[9.911s] INFO:colcon.colcon_core.shell:Creating prefix util module '/home/ubuntu/pong-soccer/ros2_ws/install/_local_setup_util_sh.py'
[9.915s] INFO:colcon.colcon_core.shell:Creating prefix chain script '/home/ubuntu/pong-soccer/ros2_ws/install/setup.sh'
[9.921s] INFO:colcon.colcon_core.shell:Creating prefix script '/home/ubuntu/pong-soccer/ros2_ws/install/local_setup.bash'
[9.925s] INFO:colcon.colcon_core.shell:Creating prefix chain script '/home/ubuntu/pong-soccer/ros2_ws/install/setup.bash'
[9.933s] INFO:colcon.colcon_core.shell:Creating prefix script '/home/ubuntu/pong-soccer/ros2_ws/install/local_setup.zsh'
[9.936s] INFO:colcon.colcon_core.shell:Creating prefix chain script '/home/ubuntu/pong-soccer/ros2_ws/install/setup.zsh'
