[3.983s] Invoking command in '/home/ubuntu/lab-2-robot-control-architecture-mmw/ros2_ws/src/bump_n_go_pkg': PYTHONPATH=/home/ubuntu/lab-2-robot-control-architecture-mmw/ros2_ws/build/bump_n_go_pkg/prefix_override:/home/ubuntu/lab-2-robot-control-architecture-mmw/ros2_ws/install/bump_n_go_pkg/lib/python3.10/site-packages:${PYTHONPATH} /usr/bin/python3 setup.py egg_info --egg-base ../../build/bump_n_go_pkg build --build-base /home/ubuntu/lab-2-robot-control-architecture-mmw/ros2_ws/build/bump_n_go_pkg/build install --record /home/ubuntu/lab-2-robot-control-architecture-mmw/ros2_ws/build/bump_n_go_pkg/install.log --single-version-externally-managed
[5.524s] running egg_info
[5.527s] writing ../../build/bump_n_go_pkg/bump_n_go_pkg.egg-info/PKG-INFO
[5.529s] writing dependency_links to ../../build/bump_n_go_pkg/bump_n_go_pkg.egg-info/dependency_links.txt
[5.536s] writing entry points to ../../build/bump_n_go_pkg/bump_n_go_pkg.egg-info/entry_points.txt
[5.536s] writing requirements to ../../build/bump_n_go_pkg/bump_n_go_pkg.egg-info/requires.txt
[5.537s] writing top-level names to ../../build/bump_n_go_pkg/bump_n_go_pkg.egg-info/top_level.txt
[5.543s] reading manifest file '../../build/bump_n_go_pkg/bump_n_go_pkg.egg-info/SOURCES.txt'
[5.543s] adding license file 'LICENSE'
[5.547s] writing manifest file '../../build/bump_n_go_pkg/bump_n_go_pkg.egg-info/SOURCES.txt'
[5.548s] running build
[5.549s] running build_py
[5.551s] copying bump_n_go_pkg/bump_n_go_node.py -> /home/ubuntu/lab-2-robot-control-architecture-mmw/ros2_ws/build/bump_n_go_pkg/build/lib/bump_n_go_pkg
[5.552s] running install
[5.553s] running install_lib
[5.561s] copying /home/ubuntu/lab-2-robot-control-architecture-mmw/ros2_ws/build/bump_n_go_pkg/build/lib/bump_n_go_pkg/bump_n_go_node.py -> /home/ubuntu/lab-2-robot-control-architecture-mmw/ros2_ws/install/bump_n_go_pkg/lib/python3.10/site-packages/bump_n_go_pkg
[5.576s] byte-compiling /home/ubuntu/lab-2-robot-control-architecture-mmw/ros2_ws/install/bump_n_go_pkg/lib/python3.10/site-packages/bump_n_go_pkg/bump_n_go_node.py to bump_n_go_node.cpython-310.pyc
[5.576s] running install_data
[5.577s] running install_egg_info
[5.592s] removing '/home/ubuntu/lab-2-robot-control-architecture-mmw/ros2_ws/install/bump_n_go_pkg/lib/python3.10/site-packages/bump_n_go_pkg-0.0.0-py3.10.egg-info' (and everything under it)
[5.604s] Copying ../../build/bump_n_go_pkg/bump_n_go_pkg.egg-info to /home/ubuntu/lab-2-robot-control-architecture-mmw/ros2_ws/install/bump_n_go_pkg/lib/python3.10/site-packages/bump_n_go_pkg-0.0.0-py3.10.egg-info
[5.605s] running install_scripts
[5.704s] Installing bump_n_go_node script to /home/ubuntu/lab-2-robot-control-architecture-mmw/ros2_ws/install/bump_n_go_pkg/lib/bump_n_go_pkg
[5.706s] writing list of installed files to '/home/ubuntu/lab-2-robot-control-architecture-mmw/ros2_ws/build/bump_n_go_pkg/install.log'
[5.883s] Invoked command in '/home/ubuntu/lab-2-robot-control-architecture-mmw/ros2_ws/src/bump_n_go_pkg' returned '0': PYTHONPATH=/home/ubuntu/lab-2-robot-control-architecture-mmw/ros2_ws/build/bump_n_go_pkg/prefix_override:/home/ubuntu/lab-2-robot-control-architecture-mmw/ros2_ws/install/bump_n_go_pkg/lib/python3.10/site-packages:${PYTHONPATH} /usr/bin/python3 setup.py egg_info --egg-base ../../build/bump_n_go_pkg build --build-base /home/ubuntu/lab-2-robot-control-architecture-mmw/ros2_ws/build/bump_n_go_pkg/build install --record /home/ubuntu/lab-2-robot-control-architecture-mmw/ros2_ws/build/bump_n_go_pkg/install.log --single-version-externally-managed
