[3.641s] Invoking command in '/home/ubuntu/pong-soccer/ros2_ws/src/pong_soccer_pkg': PYTHONPATH=/home/ubuntu/pong-soccer/ros2_ws/build/pong_soccer_pkg/prefix_override:/usr/lib/python3/dist-packages/colcon_core/task/python/colcon_distutils_commands:/home/ubuntu/pong-soccer/ros2_ws/install/pong_soccer_pkg/lib/python3.10/site-packages:${PYTHONPATH} /usr/bin/python3 -W ignore:setup.py install is deprecated setup.py egg_info --egg-base ../../build/pong_soccer_pkg build --build-base /home/ubuntu/pong-soccer/ros2_ws/build/pong_soccer_pkg/build install --record /home/ubuntu/pong-soccer/ros2_ws/build/pong_soccer_pkg/install.log --single-version-externally-managed install_data
[5.040s] running egg_info
[5.043s] writing ../../build/pong_soccer_pkg/pong_soccer_pkg.egg-info/PKG-INFO
[5.044s] writing dependency_links to ../../build/pong_soccer_pkg/pong_soccer_pkg.egg-info/dependency_links.txt
[5.048s] writing entry points to ../../build/pong_soccer_pkg/pong_soccer_pkg.egg-info/entry_points.txt
[5.049s] writing requirements to ../../build/pong_soccer_pkg/pong_soccer_pkg.egg-info/requires.txt
[5.049s] writing top-level names to ../../build/pong_soccer_pkg/pong_soccer_pkg.egg-info/top_level.txt
[5.057s] reading manifest file '../../build/pong_soccer_pkg/pong_soccer_pkg.egg-info/SOURCES.txt'
[5.058s] adding license file 'LICENSE'
[5.061s] writing manifest file '../../build/pong_soccer_pkg/pong_soccer_pkg.egg-info/SOURCES.txt'
[5.062s] running build
[5.063s] running build_py
[5.063s] copying pong_soccer_pkg/pong_soccer_node.py -> /home/ubuntu/pong-soccer/ros2_ws/build/pong_soccer_pkg/build/lib/pong_soccer_pkg
[5.065s] running install
[5.066s] running install_lib
[5.069s] copying /home/ubuntu/pong-soccer/ros2_ws/build/pong_soccer_pkg/build/lib/pong_soccer_pkg/pong_soccer_node.py -> /home/ubuntu/pong-soccer/ros2_ws/install/pong_soccer_pkg/lib/python3.10/site-packages/pong_soccer_pkg
[5.073s] byte-compiling /home/ubuntu/pong-soccer/ros2_ws/install/pong_soccer_pkg/lib/python3.10/site-packages/pong_soccer_pkg/pong_soccer_node.py to pong_soccer_node.cpython-310.pyc
[5.079s] running install_data
[5.080s] running install_egg_info
[5.087s] removing '/home/ubuntu/pong-soccer/ros2_ws/install/pong_soccer_pkg/lib/python3.10/site-packages/pong_soccer_pkg-0.0.0-py3.10.egg-info' (and everything under it)
[5.089s] Copying ../../build/pong_soccer_pkg/pong_soccer_pkg.egg-info to /home/ubuntu/pong-soccer/ros2_ws/install/pong_soccer_pkg/lib/python3.10/site-packages/pong_soccer_pkg-0.0.0-py3.10.egg-info
[5.095s] running install_scripts
[5.179s] Installing pong_soccer_node script to /home/ubuntu/pong-soccer/ros2_ws/install/pong_soccer_pkg/lib/pong_soccer_pkg
[5.181s] writing list of installed files to '/home/ubuntu/pong-soccer/ros2_ws/build/pong_soccer_pkg/install.log'
[5.324s] Invoked command in '/home/ubuntu/pong-soccer/ros2_ws/src/pong_soccer_pkg' returned '0': PYTHONPATH=/home/ubuntu/pong-soccer/ros2_ws/build/pong_soccer_pkg/prefix_override:/usr/lib/python3/dist-packages/colcon_core/task/python/colcon_distutils_commands:/home/ubuntu/pong-soccer/ros2_ws/install/pong_soccer_pkg/lib/python3.10/site-packages:${PYTHONPATH} /usr/bin/python3 -W ignore:setup.py install is deprecated setup.py egg_info --egg-base ../../build/pong_soccer_pkg build --build-base /home/ubuntu/pong-soccer/ros2_ws/build/pong_soccer_pkg/build install --record /home/ubuntu/pong-soccer/ros2_ws/build/pong_soccer_pkg/install.log --single-version-externally-managed install_data
