[5.033s] Invoking command in '/home/ubuntu/lab-3-robot-control-architecture-ii-tortoise-hare/ros2_ws/src/bump_n_go_pkg': PYTHONPATH=/home/ubuntu/lab-3-robot-control-architecture-ii-tortoise-hare/ros2_ws/build/bump_n_go_pkg/prefix_override:/usr/lib/python3/dist-packages/colcon_core/task/python/colcon_distutils_commands:/home/ubuntu/lab-3-robot-control-architecture-ii-tortoise-hare/ros2_ws/install/bump_n_go_pkg/lib/python3.10/site-packages:${PYTHONPATH} /usr/bin/python3 -W ignore:setup.py install is deprecated setup.py egg_info --egg-base ../../build/bump_n_go_pkg build --build-base /home/ubuntu/lab-3-robot-control-architecture-ii-tortoise-hare/ros2_ws/build/bump_n_go_pkg/build install --record /home/ubuntu/lab-3-robot-control-architecture-ii-tortoise-hare/ros2_ws/build/bump_n_go_pkg/install.log --single-version-externally-managed install_data
[6.621s] running egg_info
[6.622s] writing ../../build/bump_n_go_pkg/bump_n_go_pkg.egg-info/PKG-INFO
[6.622s] writing dependency_links to ../../build/bump_n_go_pkg/bump_n_go_pkg.egg-info/dependency_links.txt
[6.629s] writing entry points to ../../build/bump_n_go_pkg/bump_n_go_pkg.egg-info/entry_points.txt
[6.630s] writing requirements to ../../build/bump_n_go_pkg/bump_n_go_pkg.egg-info/requires.txt
[6.635s] writing top-level names to ../../build/bump_n_go_pkg/bump_n_go_pkg.egg-info/top_level.txt
[6.636s] reading manifest file '../../build/bump_n_go_pkg/bump_n_go_pkg.egg-info/SOURCES.txt'
[6.640s] adding license file 'LICENSE'
[6.641s] writing manifest file '../../build/bump_n_go_pkg/bump_n_go_pkg.egg-info/SOURCES.txt'
[6.641s] running build
[6.642s] running build_py
[6.642s] running install
[6.643s] running install_lib
[6.649s] running install_data
[6.650s] running install_egg_info
[6.660s] removing '/home/ubuntu/lab-3-robot-control-architecture-ii-tortoise-hare/ros2_ws/install/bump_n_go_pkg/lib/python3.10/site-packages/bump_n_go_pkg-0.0.0-py3.10.egg-info' (and everything under it)
[6.661s] Copying ../../build/bump_n_go_pkg/bump_n_go_pkg.egg-info to /home/ubuntu/lab-3-robot-control-architecture-ii-tortoise-hare/ros2_ws/install/bump_n_go_pkg/lib/python3.10/site-packages/bump_n_go_pkg-0.0.0-py3.10.egg-info
[6.670s] running install_scripts
[6.761s] Installing bump_n_go_node script to /home/ubuntu/lab-3-robot-control-architecture-ii-tortoise-hare/ros2_ws/install/bump_n_go_pkg/lib/bump_n_go_pkg
[6.765s] writing list of installed files to '/home/ubuntu/lab-3-robot-control-architecture-ii-tortoise-hare/ros2_ws/build/bump_n_go_pkg/install.log'
[6.962s] Invoked command in '/home/ubuntu/lab-3-robot-control-architecture-ii-tortoise-hare/ros2_ws/src/bump_n_go_pkg' returned '0': PYTHONPATH=/home/ubuntu/lab-3-robot-control-architecture-ii-tortoise-hare/ros2_ws/build/bump_n_go_pkg/prefix_override:/usr/lib/python3/dist-packages/colcon_core/task/python/colcon_distutils_commands:/home/ubuntu/lab-3-robot-control-architecture-ii-tortoise-hare/ros2_ws/install/bump_n_go_pkg/lib/python3.10/site-packages:${PYTHONPATH} /usr/bin/python3 -W ignore:setup.py install is deprecated setup.py egg_info --egg-base ../../build/bump_n_go_pkg build --build-base /home/ubuntu/lab-3-robot-control-architecture-ii-tortoise-hare/ros2_ws/build/bump_n_go_pkg/build install --record /home/ubuntu/lab-3-robot-control-architecture-ii-tortoise-hare/ros2_ws/build/bump_n_go_pkg/install.log --single-version-externally-managed install_data
