[0.677s] DEBUG:colcon:Command line arguments: ['/usr/bin/colcon', 'build']
[0.677s] DEBUG:colcon:Parsed command line arguments: Namespace(log_base=None, log_level=None, verb_name='build', build_base='build', install_base='install', merge_install=False, symlink_install=False, test_result_base=None, continue_on_error=False, executor='parallel', parallel_workers=4, event_handlers=None, ignore_user_meta=False, metas=['./colcon.meta'], base_paths=['.'], packages_ignore=None, packages_ignore_regex=None, paths=None, packages_up_to=None, packages_up_to_regex=None, packages_above=None, packages_above_and_dependencies=None, packages_above_depth=None, packages_select_by_dep=None, packages_skip_by_dep=None, packages_skip_up_to=None, packages_select_build_failed=False, packages_skip_build_finished=False, packages_select_test_failures=False, packages_skip_test_passed=False, packages_select=None, packages_skip=None, packages_select_regex=None, packages_skip_regex=None, packages_start=None, packages_end=None, allow_overriding=[], cmake_args=None, cmake_target=None, cmake_target_skip_unavailable=False, cmake_clean_cache=False, cmake_clean_first=False, cmake_force_configure=False, ament_cmake_args=None, catkin_cmake_args=None, catkin_skip_building_tests=False, mixin_files=None, mixin=None, verb_parser=<colcon_mixin.mixin.mixin_argument.MixinArgumentDecorator object at 0xffffb81a1a20>, verb_extension=<colcon_core.verb.build.BuildVerb object at 0xffffb836e050>, main=<bound method BuildVerb.main of <colcon_core.verb.build.BuildVerb object at 0xffffb836e050>>, mixin_verb=('build',))
[2.227s] Level 1:colcon.colcon_core.package_discovery:discover_packages(colcon_meta) check parameters
[2.229s] Level 1:colcon.colcon_core.package_discovery:discover_packages(recursive) check parameters
[2.229s] Level 1:colcon.colcon_core.package_discovery:discover_packages(ignore) check parameters
[2.229s] Level 1:colcon.colcon_core.package_discovery:discover_packages(path) check parameters
[2.229s] Level 1:colcon.colcon_core.package_discovery:discover_packages(colcon_meta) discover
[2.230s] Level 1:colcon.colcon_core.package_discovery:discover_packages(recursive) discover
[2.230s] INFO:colcon.colcon_core.package_discovery:Crawling recursively for packages in '/home/ubuntu/pong-soccer/ros2_ws'
[2.230s] Level 1:colcon.colcon_core.package_identification:_identify(.) by extensions ['ignore', 'ignore_ament_install']
[2.231s] Level 1:colcon.colcon_core.package_identification:_identify(.) by extension 'ignore'
[2.231s] Level 1:colcon.colcon_core.package_identification:_identify(.) by extension 'ignore_ament_install'
[2.232s] Level 1:colcon.colcon_core.package_identification:_identify(.) by extensions ['colcon_pkg']
[2.232s] Level 1:colcon.colcon_core.package_identification:_identify(.) by extension 'colcon_pkg'
[2.232s] Level 1:colcon.colcon_core.package_identification:_identify(.) by extensions ['colcon_meta']
[2.232s] Level 1:colcon.colcon_core.package_identification:_identify(.) by extension 'colcon_meta'
[2.233s] Level 1:colcon.colcon_core.package_identification:_identify(.) by extensions ['ros']
[2.233s] Level 1:colcon.colcon_core.package_identification:_identify(.) by extension 'ros'
[2.306s] Level 1:colcon.colcon_core.package_identification:_identify(.) by extensions ['cmake', 'python']
[2.306s] Level 1:colcon.colcon_core.package_identification:_identify(.) by extension 'cmake'
[2.306s] Level 1:colcon.colcon_core.package_identification:_identify(.) by extension 'python'
[2.307s] Level 1:colcon.colcon_core.package_identification:_identify(.) by extensions ['python_setup_py']
[2.307s] Level 1:colcon.colcon_core.package_identification:_identify(.) by extension 'python_setup_py'
[2.308s] Level 1:colcon.colcon_core.package_identification:_identify(build) by extensions ['ignore', 'ignore_ament_install']
[2.308s] Level 1:colcon.colcon_core.package_identification:_identify(build) by extension 'ignore'
[2.309s] Level 1:colcon.colcon_core.package_identification:_identify(build) ignored
[2.309s] Level 1:colcon.colcon_core.package_identification:_identify(install) by extensions ['ignore', 'ignore_ament_install']
[2.310s] Level 1:colcon.colcon_core.package_identification:_identify(install) by extension 'ignore'
[2.310s] Level 1:colcon.colcon_core.package_identification:_identify(install) ignored
[2.311s] Level 1:colcon.colcon_core.package_identification:_identify(log) by extensions ['ignore', 'ignore_ament_install']
[2.312s] Level 1:colcon.colcon_core.package_identification:_identify(log) by extension 'ignore'
[2.312s] Level 1:colcon.colcon_core.package_identification:_identify(log) ignored
[2.313s] Level 1:colcon.colcon_core.package_identification:_identify(src) by extensions ['ignore', 'ignore_ament_install']
[2.314s] Level 1:colcon.colcon_core.package_identification:_identify(src) by extension 'ignore'
[2.314s] Level 1:colcon.colcon_core.package_identification:_identify(src) by extension 'ignore_ament_install'
[2.315s] Level 1:colcon.colcon_core.package_identification:_identify(src) by extensions ['colcon_pkg']
[2.316s] Level 1:colcon.colcon_core.package_identification:_identify(src) by extension 'colcon_pkg'
[2.316s] Level 1:colcon.colcon_core.package_identification:_identify(src) by extensions ['colcon_meta']
[2.316s] Level 1:colcon.colcon_core.package_identification:_identify(src) by extension 'colcon_meta'
[2.317s] Level 1:colcon.colcon_core.package_identification:_identify(src) by extensions ['ros']
[2.317s] Level 1:colcon.colcon_core.package_identification:_identify(src) by extension 'ros'
[2.318s] Level 1:colcon.colcon_core.package_identification:_identify(src) by extensions ['cmake', 'python']
[2.318s] Level 1:colcon.colcon_core.package_identification:_identify(src) by extension 'cmake'
[2.319s] Level 1:colcon.colcon_core.package_identification:_identify(src) by extension 'python'
[2.319s] Level 1:colcon.colcon_core.package_identification:_identify(src) by extensions ['python_setup_py']
[2.319s] Level 1:colcon.colcon_core.package_identification:_identify(src) by extension 'python_setup_py'
[2.320s] Level 1:colcon.colcon_core.package_identification:_identify(src/pong_soccer_pkg) by extensions ['ignore', 'ignore_ament_install']
[2.320s] Level 1:colcon.colcon_core.package_identification:_identify(src/pong_soccer_pkg) by extension 'ignore'
[2.321s] Level 1:colcon.colcon_core.package_identification:_identify(src/pong_soccer_pkg) by extension 'ignore_ament_install'
[2.321s] Level 1:colcon.colcon_core.package_identification:_identify(src/pong_soccer_pkg) by extensions ['colcon_pkg']
[2.321s] Level 1:colcon.colcon_core.package_identification:_identify(src/pong_soccer_pkg) by extension 'colcon_pkg'
[2.321s] Level 1:colcon.colcon_core.package_identification:_identify(src/pong_soccer_pkg) by extensions ['colcon_meta']
[2.322s] Level 1:colcon.colcon_core.package_identification:_identify(src/pong_soccer_pkg) by extension 'colcon_meta'
[2.322s] Level 1:colcon.colcon_core.package_identification:_identify(src/pong_soccer_pkg) by extensions ['ros']
[2.322s] Level 1:colcon.colcon_core.package_identification:_identify(src/pong_soccer_pkg) by extension 'ros'
[2.334s] DEBUG:colcon.colcon_core.package_identification:Package 'src/pong_soccer_pkg' with type 'ros.ament_python' and name 'pong_soccer_pkg'
[2.334s] Level 1:colcon.colcon_core.package_discovery:discover_packages(recursive) using defaults
[2.334s] Level 1:colcon.colcon_core.package_discovery:discover_packages(ignore) discover
[2.335s] Level 1:colcon.colcon_core.package_discovery:discover_packages(ignore) using defaults
[2.335s] Level 1:colcon.colcon_core.package_discovery:discover_packages(path) discover
[2.335s] Level 1:colcon.colcon_core.package_discovery:discover_packages(path) using defaults
[2.487s] Level 1:colcon.colcon_core.package_discovery:discover_packages(prefix_path) check parameters
[2.487s] Level 1:colcon.colcon_core.package_discovery:discover_packages(prefix_path) discover
[2.503s] DEBUG:colcon.colcon_installed_package_information.package_discovery:Found 5 installed packages in /home/ubuntu/pong-soccer/ros2_ws/install
[2.515s] DEBUG:colcon.colcon_installed_package_information.package_discovery:Found 332 installed packages in /opt/ros/humble
[2.524s] Level 1:colcon.colcon_core.package_discovery:discover_packages(prefix_path) using defaults
[2.739s] Level 5:colcon.colcon_core.verb:set package 'pong_soccer_pkg' build argument 'cmake_args' from command line to 'None'
[2.740s] Level 5:colcon.colcon_core.verb:set package 'pong_soccer_pkg' build argument 'cmake_target' from command line to 'None'
[2.740s] Level 5:colcon.colcon_core.verb:set package 'pong_soccer_pkg' build argument 'cmake_target_skip_unavailable' from command line to 'False'
[2.740s] Level 5:colcon.colcon_core.verb:set package 'pong_soccer_pkg' build argument 'cmake_clean_cache' from command line to 'False'
[2.740s] Level 5:colcon.colcon_core.verb:set package 'pong_soccer_pkg' build argument 'cmake_clean_first' from command line to 'False'
[2.740s] Level 5:colcon.colcon_core.verb:set package 'pong_soccer_pkg' build argument 'cmake_force_configure' from command line to 'False'
[2.740s] Level 5:colcon.colcon_core.verb:set package 'pong_soccer_pkg' build argument 'ament_cmake_args' from command line to 'None'
[2.740s] Level 5:colcon.colcon_core.verb:set package 'pong_soccer_pkg' build argument 'catkin_cmake_args' from command line to 'None'
[2.740s] Level 5:colcon.colcon_core.verb:set package 'pong_soccer_pkg' build argument 'catkin_skip_building_tests' from command line to 'False'
[2.741s] DEBUG:colcon.colcon_core.verb:Building package 'pong_soccer_pkg' with the following arguments: {'ament_cmake_args': None, 'build_base': '/home/ubuntu/pong-soccer/ros2_ws/build/pong_soccer_pkg', 'catkin_cmake_args': None, 'catkin_skip_building_tests': False, 'cmake_args': None, 'cmake_clean_cache': False, 'cmake_clean_first': False, 'cmake_force_configure': False, 'cmake_target': None, 'cmake_target_skip_unavailable': False, 'install_base': '/home/ubuntu/pong-soccer/ros2_ws/install/pong_soccer_pkg', 'merge_install': False, 'path': '/home/ubuntu/pong-soccer/ros2_ws/src/pong_soccer_pkg', 'symlink_install': False, 'test_result_base': None}
[2.741s] INFO:colcon.colcon_core.executor:Executing jobs using 'parallel' executor
[2.746s] DEBUG:colcon.colcon_parallel_executor.executor.parallel:run_until_complete
[2.747s] INFO:colcon.colcon_ros.task.ament_python.build:Building ROS package in '/home/ubuntu/pong-soccer/ros2_ws/src/pong_soccer_pkg' with build type 'ament_python'
[2.748s] Level 1:colcon.colcon_core.shell:create_environment_hook('pong_soccer_pkg', 'ament_prefix_path')
[2.768s] INFO:colcon.colcon_core.plugin_system:Skipping extension 'colcon_core.shell.bat': Not used on non-Windows systems
[2.769s] INFO:colcon.colcon_core.shell:Creating environment hook '/home/ubuntu/pong-soccer/ros2_ws/install/pong_soccer_pkg/share/pong_soccer_pkg/hook/ament_prefix_path.ps1'
[2.774s] INFO:colcon.colcon_core.shell:Creating environment descriptor '/home/ubuntu/pong-soccer/ros2_ws/install/pong_soccer_pkg/share/pong_soccer_pkg/hook/ament_prefix_path.dsv'
[2.777s] INFO:colcon.colcon_core.shell:Creating environment hook '/home/ubuntu/pong-soccer/ros2_ws/install/pong_soccer_pkg/share/pong_soccer_pkg/hook/ament_prefix_path.sh'
[2.782s] INFO:colcon.colcon_core.shell:Skip shell extension 'powershell' for command environment: Not usable outside of PowerShell
[2.783s] DEBUG:colcon.colcon_core.shell:Skip shell extension 'dsv' for command environment
[4.405s] INFO:colcon.colcon_core.task.python.build:Building Python package in '/home/ubuntu/pong-soccer/ros2_ws/src/pong_soccer_pkg'
[4.406s] INFO:colcon.colcon_core.shell:Skip shell extension 'powershell' for command environment: Not usable outside of PowerShell
[4.406s] DEBUG:colcon.colcon_core.shell:Skip shell extension 'dsv' for command environment
[7.166s] DEBUG:colcon.colcon_core.event_handler.log_command:Invoking command in '/home/ubuntu/pong-soccer/ros2_ws/src/pong_soccer_pkg': PYTHONPATH=/home/ubuntu/pong-soccer/ros2_ws/build/pong_soccer_pkg/prefix_override:/usr/lib/python3/dist-packages/colcon_core/task/python/colcon_distutils_commands:/home/ubuntu/pong-soccer/ros2_ws/install/pong_soccer_pkg/lib/python3.10/site-packages:${PYTHONPATH} /usr/bin/python3 -W ignore:setup.py install is deprecated setup.py egg_info --egg-base ../../build/pong_soccer_pkg build --build-base /home/ubuntu/pong-soccer/ros2_ws/build/pong_soccer_pkg/build install --record /home/ubuntu/pong-soccer/ros2_ws/build/pong_soccer_pkg/install.log --single-version-externally-managed install_data
[9.031s] DEBUG:colcon.colcon_core.event_handler.log_command:Invoked command in '/home/ubuntu/pong-soccer/ros2_ws/src/pong_soccer_pkg' returned '0': PYTHONPATH=/home/ubuntu/pong-soccer/ros2_ws/build/pong_soccer_pkg/prefix_override:/usr/lib/python3/dist-packages/colcon_core/task/python/colcon_distutils_commands:/home/ubuntu/pong-soccer/ros2_ws/install/pong_soccer_pkg/lib/python3.10/site-packages:${PYTHONPATH} /usr/bin/python3 -W ignore:setup.py install is deprecated setup.py egg_info --egg-base ../../build/pong_soccer_pkg build --build-base /home/ubuntu/pong-soccer/ros2_ws/build/pong_soccer_pkg/build install --record /home/ubuntu/pong-soccer/ros2_ws/build/pong_soccer_pkg/install.log --single-version-externally-managed install_data
[9.057s] Level 1:colcon.colcon_core.environment:checking '/home/ubuntu/pong-soccer/ros2_ws/install/pong_soccer_pkg' for CMake module files
[9.061s] Level 1:colcon.colcon_core.environment:checking '/home/ubuntu/pong-soccer/ros2_ws/install/pong_soccer_pkg' for CMake config files
[9.065s] Level 1:colcon.colcon_core.environment:checking '/home/ubuntu/pong-soccer/ros2_ws/install/pong_soccer_pkg/lib'
[9.067s] Level 1:colcon.colcon_core.environment:checking '/home/ubuntu/pong-soccer/ros2_ws/install/pong_soccer_pkg/bin'
[9.069s] Level 1:colcon.colcon_core.environment:checking '/home/ubuntu/pong-soccer/ros2_ws/install/pong_soccer_pkg/lib/pkgconfig/pong_soccer_pkg.pc'
[9.070s] Level 1:colcon.colcon_core.environment:checking '/home/ubuntu/pong-soccer/ros2_ws/install/pong_soccer_pkg/lib/python3.10/site-packages'
[9.070s] Level 1:colcon.colcon_core.shell:create_environment_hook('pong_soccer_pkg', 'pythonpath')
[9.072s] INFO:colcon.colcon_core.shell:Creating environment hook '/home/ubuntu/pong-soccer/ros2_ws/install/pong_soccer_pkg/share/pong_soccer_pkg/hook/pythonpath.ps1'
[9.075s] INFO:colcon.colcon_core.shell:Creating environment descriptor '/home/ubuntu/pong-soccer/ros2_ws/install/pong_soccer_pkg/share/pong_soccer_pkg/hook/pythonpath.dsv'
[9.077s] INFO:colcon.colcon_core.shell:Creating environment hook '/home/ubuntu/pong-soccer/ros2_ws/install/pong_soccer_pkg/share/pong_soccer_pkg/hook/pythonpath.sh'
[9.080s] Level 1:colcon.colcon_core.environment:checking '/home/ubuntu/pong-soccer/ros2_ws/install/pong_soccer_pkg/bin'
[9.081s] Level 1:colcon.colcon_core.environment:create_environment_scripts_only(pong_soccer_pkg)
[9.082s] INFO:colcon.colcon_core.shell:Creating package script '/home/ubuntu/pong-soccer/ros2_ws/install/pong_soccer_pkg/share/pong_soccer_pkg/package.ps1'
[9.087s] INFO:colcon.colcon_core.shell:Creating package descriptor '/home/ubuntu/pong-soccer/ros2_ws/install/pong_soccer_pkg/share/pong_soccer_pkg/package.dsv'
[9.091s] INFO:colcon.colcon_core.shell:Creating package script '/home/ubuntu/pong-soccer/ros2_ws/install/pong_soccer_pkg/share/pong_soccer_pkg/package.sh'
[9.096s] INFO:colcon.colcon_core.shell:Creating package script '/home/ubuntu/pong-soccer/ros2_ws/install/pong_soccer_pkg/share/pong_soccer_pkg/package.bash'
[9.102s] INFO:colcon.colcon_core.shell:Creating package script '/home/ubuntu/pong-soccer/ros2_ws/install/pong_soccer_pkg/share/pong_soccer_pkg/package.zsh'
[9.106s] Level 1:colcon.colcon_core.environment:create_file_with_runtime_dependencies(/home/ubuntu/pong-soccer/ros2_ws/install/pong_soccer_pkg/share/colcon-core/packages/pong_soccer_pkg)
[9.108s] DEBUG:colcon.colcon_parallel_executor.executor.parallel:closing loop
[9.109s] DEBUG:colcon.colcon_parallel_executor.executor.parallel:loop closed
[9.110s] DEBUG:colcon.colcon_parallel_executor.executor.parallel:run_until_complete finished with '0'
[9.111s] DEBUG:colcon.colcon_core.event_reactor:joining thread
[9.142s] INFO:colcon.colcon_core.plugin_system:Skipping extension 'colcon_notification.desktop_notification.notify_send': Could not find 'notify-send'
[9.145s] INFO:colcon.colcon_core.plugin_system:Skipping extension 'colcon_notification.desktop_notification.terminal_notifier': Not used on non-Darwin systems
[9.146s] INFO:colcon.colcon_core.plugin_system:Skipping extension 'colcon_notification.desktop_notification.win32': Not used on non-Windows systems
[9.146s] INFO:colcon.colcon_notification.desktop_notification:Sending desktop notification using 'notify2'
[9.149s] DEBUG:colcon.colcon_notification.desktop_notification.notify2:Failed to initialize notify2: org.freedesktop.DBus.Error.ServiceUnknown: The name org.freedesktop.Notifications was not provided by any .service files
[9.150s] DEBUG:colcon.colcon_core.event_reactor:joined thread
[9.151s] INFO:colcon.colcon_core.shell:Creating prefix script '/home/ubuntu/pong-soccer/ros2_ws/install/local_setup.ps1'
[9.156s] INFO:colcon.colcon_core.shell:Creating prefix util module '/home/ubuntu/pong-soccer/ros2_ws/install/_local_setup_util_ps1.py'
[9.165s] INFO:colcon.colcon_core.shell:Creating prefix chain script '/home/ubuntu/pong-soccer/ros2_ws/install/setup.ps1'
[9.173s] INFO:colcon.colcon_core.shell:Creating prefix script '/home/ubuntu/pong-soccer/ros2_ws/install/local_setup.sh'
[9.179s] INFO:colcon.colcon_core.shell:Creating prefix util module '/home/ubuntu/pong-soccer/ros2_ws/install/_local_setup_util_sh.py'
[9.183s] INFO:colcon.colcon_core.shell:Creating prefix chain script '/home/ubuntu/pong-soccer/ros2_ws/install/setup.sh'
[9.191s] INFO:colcon.colcon_core.shell:Creating prefix script '/home/ubuntu/pong-soccer/ros2_ws/install/local_setup.bash'
[9.195s] INFO:colcon.colcon_core.shell:Creating prefix chain script '/home/ubuntu/pong-soccer/ros2_ws/install/setup.bash'
[9.202s] INFO:colcon.colcon_core.shell:Creating prefix script '/home/ubuntu/pong-soccer/ros2_ws/install/local_setup.zsh'
[9.206s] INFO:colcon.colcon_core.shell:Creating prefix chain script '/home/ubuntu/pong-soccer/ros2_ws/install/setup.zsh'
